2019-11-19 16:44:18,758 INFO o.a.j.u.JMeterUtils: Setting Locale to en_EN
2019-11-19 16:44:18,773 INFO o.a.j.JMeter: Loading user properties from: /opt/apache-jmeter-5.2/bin/user.properties
2019-11-19 16:44:18,773 INFO o.a.j.JMeter: Loading system properties from: /opt/apache-jmeter-5.2/bin/system.properties
2019-11-19 16:44:18,774 INFO o.a.j.JMeter: Setting JMeter property: csv_staticParams=/mnt/jmeter/static_parameters.txt
2019-11-19 16:44:18,774 INFO o.a.j.JMeter: Setting JMeter property: Threads=1
2019-11-19 16:44:18,774 INFO o.a.j.JMeter: Setting JMeter property: my_csv=/mnt/jmeter/collectionsList.txt
2019-11-19 16:44:18,775 INFO o.a.j.JMeter: Copyright (c) 1998-2019 The Apache Software Foundation
2019-11-19 16:44:18,776 INFO o.a.j.JMeter: Version 5.2
2019-11-19 16:44:18,776 INFO o.a.j.JMeter: java.version=1.8.0_212
2019-11-19 16:44:18,776 INFO o.a.j.JMeter: java.vm.name=OpenJDK 64-Bit Server VM
2019-11-19 16:44:18,776 INFO o.a.j.JMeter: os.name=Linux
2019-11-19 16:44:18,776 INFO o.a.j.JMeter: os.arch=amd64
2019-11-19 16:44:18,776 INFO o.a.j.JMeter: os.version=5.0.0-36-generic
2019-11-19 16:44:18,776 INFO o.a.j.JMeter: file.encoding=UTF-8
2019-11-19 16:44:18,776 INFO o.a.j.JMeter: java.awt.headless=true
2019-11-19 16:44:18,776 INFO o.a.j.JMeter: Max memory     =3934257152
2019-11-19 16:44:18,777 INFO o.a.j.JMeter: Available Processors =4
2019-11-19 16:44:18,782 INFO o.a.j.JMeter: Default Locale=English (EN)
2019-11-19 16:44:18,783 INFO o.a.j.JMeter: JMeter  Locale=English (EN)
2019-11-19 16:44:18,783 INFO o.a.j.JMeter: JMeterHome=/opt/apache-jmeter-5.2
2019-11-19 16:44:18,783 INFO o.a.j.JMeter: user.dir  =/opt/apache-jmeter-5.2
2019-11-19 16:44:18,783 INFO o.a.j.JMeter: PWD       =/opt/apache-jmeter-5.2
2019-11-19 16:44:18,783 INFO o.a.j.JMeter: IP: 172.17.0.3 Name: fdfa9af4b3e6 FullName: fdfa9af4b3e6
2019-11-19 16:44:18,787 INFO o.a.j.s.FileServer: Default base='/opt/apache-jmeter-5.2'
2019-11-19 16:44:18,792 INFO o.a.j.s.FileServer: Set new base='/mnt/jmeter'
2019-11-19 16:44:18,922 INFO o.a.j.s.SaveService: Testplan (JMX) version: 2.2. Testlog (JTL) version: 2.2
2019-11-19 16:44:18,950 INFO o.a.j.s.SaveService: Using SaveService properties file encoding UTF-8
2019-11-19 16:44:18,956 INFO o.a.j.s.SaveService: Using SaveService properties version 5.0
2019-11-19 16:44:18,962 INFO o.a.j.s.SaveService: Loading file: /mnt/jmeter/SolrJ.jmx
2019-11-19 16:44:19,020 INFO o.a.j.JMeter: Creating summariser <summary>
2019-11-19 16:44:19,033 INFO o.a.j.e.StandardJMeterEngine: Running the test!
2019-11-19 16:44:19,035 INFO o.a.j.s.SampleEvent: List of sample_variables: []
2019-11-19 16:44:19,035 INFO o.a.j.s.SampleEvent: List of sample_variables: []
2019-11-19 16:44:19,041 INFO o.a.j.e.u.CompoundVariable: Note: Function class names must contain the string: '.functions.'
2019-11-19 16:44:19,041 INFO o.a.j.e.u.CompoundVariable: Note: Function class names must not contain the string: '.gui.'
2019-11-19 16:44:19,498 INFO o.a.j.JMeter: Running test (1574178259498)
2019-11-19 16:44:19,551 INFO o.a.j.e.StandardJMeterEngine: Starting ThreadGroup: 1 : Thread Group
2019-11-19 16:44:19,552 INFO o.a.j.e.StandardJMeterEngine: Starting 1 threads for group Thread Group.
2019-11-19 16:44:19,552 INFO o.a.j.e.StandardJMeterEngine: Thread will continue on error
2019-11-19 16:44:19,552 INFO o.a.j.t.ThreadGroup: Starting thread group... number=1 threads=1 ramp-up=400 delayedStart=true
2019-11-19 16:44:19,553 INFO o.a.j.t.ThreadGroup: Started thread group number 1
2019-11-19 16:44:19,553 INFO o.a.j.e.StandardJMeterEngine: All thread groups have been started
2019-11-19 16:44:19,563 INFO o.a.j.t.JMeterThread: Thread started: Thread Group 1-1
2019-11-19 16:44:19,566 INFO o.a.j.s.FileServer: Stored: /mnt/jmeter/static_parameters.txt
2019-11-19 16:44:19,568 INFO o.a.j.s.FileServer: Stored: /mnt/jmeter/collectionsList.txt
2019-11-19 16:44:19,570 INFO o.a.j.s.SampleResult: Note: Sample TimeStamps are START times
2019-11-19 16:44:19,571 INFO o.a.j.s.SampleResult: sampleresult.default.encoding is set to ISO-8859-1
2019-11-19 16:44:19,571 INFO o.a.j.s.SampleResult: sampleresult.useNanoTime=true
2019-11-19 16:44:19,571 INFO o.a.j.s.SampleResult: sampleresult.nanoThreadSleep=5000
2019-11-19 16:44:30,001 INFO o.a.j.r.Summariser: summary +   6799 in 00:00:11 =  647.4/s Avg:     1 Min:     0 Max:   883 Err:     0 (0.00%) Active: 1 Started: 1 Finished: 0
2019-11-19 16:45:00,001 INFO o.a.j.r.Summariser: summary +  27201 in 00:00:30 =  906.7/s Avg:     1 Min:     0 Max:    44 Err:     0 (0.00%) Active: 1 Started: 1 Finished: 0
2019-11-19 16:45:00,001 INFO o.a.j.r.Summariser: summary =  34000 in 00:00:41 =  839.5/s Avg:     1 Min:     0 Max:   883 Err:     0 (0.00%)
