2019-11-20 10:16:35,618 INFO o.a.j.u.JMeterUtils: Setting Locale to en_EN
2019-11-20 10:16:35,634 INFO o.a.j.JMeter: Loading user properties from: /opt/apache-jmeter-5.2/bin/user.properties
2019-11-20 10:16:35,634 INFO o.a.j.JMeter: Loading system properties from: /opt/apache-jmeter-5.2/bin/system.properties
2019-11-20 10:16:35,635 INFO o.a.j.JMeter: Setting JMeter property: csv_staticParams=/mnt/jmeter/static_parameters.txt
2019-11-20 10:16:35,635 INFO o.a.j.JMeter: Setting JMeter property: my_csv=/mnt/jmeter/collectionsList.txt
2019-11-20 10:16:35,635 INFO o.a.j.JMeter: Setting JMeter property: Threads=1
2019-11-20 10:16:35,636 INFO o.a.j.JMeter: Copyright (c) 1998-2019 The Apache Software Foundation
2019-11-20 10:16:35,636 INFO o.a.j.JMeter: Version 5.2
2019-11-20 10:16:35,636 INFO o.a.j.JMeter: java.version=1.8.0_212
2019-11-20 10:16:35,636 INFO o.a.j.JMeter: java.vm.name=OpenJDK 64-Bit Server VM
2019-11-20 10:16:35,636 INFO o.a.j.JMeter: os.name=Linux
2019-11-20 10:16:35,636 INFO o.a.j.JMeter: os.arch=amd64
2019-11-20 10:16:35,636 INFO o.a.j.JMeter: os.version=5.0.0-36-generic
2019-11-20 10:16:35,636 INFO o.a.j.JMeter: file.encoding=UTF-8
2019-11-20 10:16:35,636 INFO o.a.j.JMeter: java.awt.headless=true
2019-11-20 10:16:35,636 INFO o.a.j.JMeter: Max memory     =1614807040
2019-11-20 10:16:35,637 INFO o.a.j.JMeter: Available Processors =4
2019-11-20 10:16:35,641 INFO o.a.j.JMeter: Default Locale=English (EN)
2019-11-20 10:16:35,641 INFO o.a.j.JMeter: JMeter  Locale=English (EN)
2019-11-20 10:16:35,641 INFO o.a.j.JMeter: JMeterHome=/opt/apache-jmeter-5.2
2019-11-20 10:16:35,641 INFO o.a.j.JMeter: user.dir  =/opt/apache-jmeter-5.2
2019-11-20 10:16:35,641 INFO o.a.j.JMeter: PWD       =/opt/apache-jmeter-5.2
2019-11-20 10:16:35,642 INFO o.a.j.JMeter: IP: 172.17.0.2 Name: 4604d4f256f2 FullName: 4604d4f256f2
2019-11-20 10:16:35,645 INFO o.a.j.s.FileServer: Default base='/opt/apache-jmeter-5.2'
2019-11-20 10:16:35,649 INFO o.a.j.s.FileServer: Set new base='/mnt/jmeter'
2019-11-20 10:16:35,805 INFO o.a.j.s.SaveService: Testplan (JMX) version: 2.2. Testlog (JTL) version: 2.2
2019-11-20 10:16:35,830 INFO o.a.j.s.SaveService: Using SaveService properties file encoding UTF-8
2019-11-20 10:16:35,838 INFO o.a.j.s.SaveService: Using SaveService properties version 5.0
2019-11-20 10:16:35,847 INFO o.a.j.s.SaveService: Loading file: /mnt/jmeter/SolrJ.jmx
2019-11-20 10:16:35,903 INFO o.a.j.JMeter: Creating summariser <summary>
2019-11-20 10:16:35,914 INFO o.a.j.e.StandardJMeterEngine: Running the test!
2019-11-20 10:16:35,914 INFO o.a.j.s.SampleEvent: List of sample_variables: []
2019-11-20 10:16:35,914 INFO o.a.j.s.SampleEvent: List of sample_variables: []
2019-11-20 10:16:35,920 INFO o.a.j.e.u.CompoundVariable: Note: Function class names must contain the string: '.functions.'
2019-11-20 10:16:35,920 INFO o.a.j.e.u.CompoundVariable: Note: Function class names must not contain the string: '.gui.'
2019-11-20 10:16:36,424 INFO o.a.j.JMeter: Running test (1574241396424)
2019-11-20 10:16:36,471 INFO o.a.j.e.StandardJMeterEngine: Starting ThreadGroup: 1 : Thread Group
2019-11-20 10:16:36,471 INFO o.a.j.e.StandardJMeterEngine: Starting 1 threads for group Thread Group.
2019-11-20 10:16:36,471 INFO o.a.j.e.StandardJMeterEngine: Thread will continue on error
2019-11-20 10:16:36,471 INFO o.a.j.t.ThreadGroup: Starting thread group... number=1 threads=1 ramp-up=400 delayedStart=true
2019-11-20 10:16:36,472 INFO o.a.j.t.ThreadGroup: Started thread group number 1
2019-11-20 10:16:36,472 INFO o.a.j.e.StandardJMeterEngine: All thread groups have been started
2019-11-20 10:16:36,485 INFO o.a.j.t.JMeterThread: Thread started: Thread Group 1-1
2019-11-20 10:16:36,489 INFO o.a.j.s.FileServer: Stored: /mnt/jmeter/static_parameters.txt
2019-11-20 10:16:36,490 INFO o.a.j.s.FileServer: Stored: /mnt/jmeter/collectionsList.txt
2019-11-20 10:16:36,492 INFO o.a.j.s.SampleResult: Note: Sample TimeStamps are START times
2019-11-20 10:16:36,492 INFO o.a.j.s.SampleResult: sampleresult.default.encoding is set to ISO-8859-1
2019-11-20 10:16:36,493 INFO o.a.j.s.SampleResult: sampleresult.useNanoTime=true
2019-11-20 10:16:36,493 INFO o.a.j.s.SampleResult: sampleresult.nanoThreadSleep=5000
2019-11-20 10:16:37,977 ERROR o.a.j.p.j.s.J.JSR223 Sampler: solr0.varonis: Name does not resolve
2019-11-20 10:16:37,978 ERROR o.a.j.p.j.s.J.JSR223 Sampler: File Name: prod_events_10_chunk26.csv.gz ; row number: 1000 : Total Bulk count: 0 (optional bulk size: 1000)
2019-11-20 10:16:38,221 ERROR o.a.j.p.j.s.J.JSR223 Sampler: solr0.varonis
2019-11-20 10:16:38,222 ERROR o.a.j.p.j.s.J.JSR223 Sampler: File Name: prod_events_10_chunk26.csv.gz ; row number: 1000 : Total Bulk count: 0 (optional bulk size: 1000)
2019-11-20 10:16:38,431 ERROR o.a.j.p.j.s.J.JSR223 Sampler: solr0.varonis
2019-11-20 10:16:38,431 ERROR o.a.j.p.j.s.J.JSR223 Sampler: File Name: prod_events_10_chunk26.csv.gz ; row number: 1000 : Total Bulk count: 0 (optional bulk size: 1000)
2019-11-20 10:16:38,622 ERROR o.a.j.p.j.s.J.JSR223 Sampler: solr0.varonis
2019-11-20 10:16:38,623 ERROR o.a.j.p.j.s.J.JSR223 Sampler: File Name: prod_events_10_chunk26.csv.gz ; row number: 1000 : Total Bulk count: 0 (optional bulk size: 1000)
2019-11-20 10:16:38,840 ERROR o.a.j.p.j.s.J.JSR223 Sampler: solr0.varonis
2019-11-20 10:16:38,840 ERROR o.a.j.p.j.s.J.JSR223 Sampler: File Name: prod_events_10_chunk26.csv.gz ; row number: 1000 : Total Bulk count: 0 (optional bulk size: 1000)
2019-11-20 10:16:38,976 ERROR o.a.j.p.j.s.J.JSR223 Sampler: solr0.varonis
2019-11-20 10:16:38,976 ERROR o.a.j.p.j.s.J.JSR223 Sampler: File Name: prod_events_10_chunk26.csv.gz ; row number: 1000 : Total Bulk count: 0 (optional bulk size: 1000)
2019-11-20 10:16:39,099 ERROR o.a.j.p.j.s.J.JSR223 Sampler: solr0.varonis
2019-11-20 10:16:39,099 ERROR o.a.j.p.j.s.J.JSR223 Sampler: File Name: prod_events_10_chunk26.csv.gz ; row number: 1000 : Total Bulk count: 0 (optional bulk size: 1000)
2019-11-20 10:16:39,212 ERROR o.a.j.p.j.s.J.JSR223 Sampler: solr0.varonis
2019-11-20 10:16:39,212 ERROR o.a.j.p.j.s.J.JSR223 Sampler: File Name: prod_events_10_chunk26.csv.gz ; row number: 1000 : Total Bulk count: 0 (optional bulk size: 1000)
2019-11-20 10:16:39,328 ERROR o.a.j.p.j.s.J.JSR223 Sampler: solr0.varonis
2019-11-20 10:16:39,328 ERROR o.a.j.p.j.s.J.JSR223 Sampler: File Name: prod_events_10_chunk26.csv.gz ; row number: 1000 : Total Bulk count: 0 (optional bulk size: 1000)
2019-11-20 10:16:39,447 ERROR o.a.j.p.j.s.J.JSR223 Sampler: solr0.varonis
2019-11-20 10:16:39,447 ERROR o.a.j.p.j.s.J.JSR223 Sampler: File Name: prod_events_10_chunk26.csv.gz ; row number: 1000 : Total Bulk count: 0 (optional bulk size: 1000)
2019-11-20 10:16:39,571 ERROR o.a.j.p.j.s.J.JSR223 Sampler: solr0.varonis
2019-11-20 10:16:39,571 ERROR o.a.j.p.j.s.J.JSR223 Sampler: File Name: prod_events_10_chunk26.csv.gz ; row number: 1000 : Total Bulk count: 0 (optional bulk size: 1000)
2019-11-20 10:16:39,698 ERROR o.a.j.p.j.s.J.JSR223 Sampler: solr0.varonis
2019-11-20 10:16:39,698 ERROR o.a.j.p.j.s.J.JSR223 Sampler: File Name: prod_events_10_chunk26.csv.gz ; row number: 1000 : Total Bulk count: 0 (optional bulk size: 1000)
2019-11-20 10:16:39,804 ERROR o.a.j.p.j.s.J.JSR223 Sampler: solr0.varonis
2019-11-20 10:16:39,805 ERROR o.a.j.p.j.s.J.JSR223 Sampler: File Name: prod_events_10_chunk26.csv.gz ; row number: 1000 : Total Bulk count: 0 (optional bulk size: 1000)
2019-11-20 10:16:39,912 ERROR o.a.j.p.j.s.J.JSR223 Sampler: solr0.varonis
2019-11-20 10:16:39,912 ERROR o.a.j.p.j.s.J.JSR223 Sampler: File Name: prod_events_10_chunk26.csv.gz ; row number: 1000 : Total Bulk count: 0 (optional bulk size: 1000)
2019-11-20 10:16:40,018 ERROR o.a.j.p.j.s.J.JSR223 Sampler: solr0.varonis
2019-11-20 10:16:40,018 ERROR o.a.j.p.j.s.J.JSR223 Sampler: File Name: prod_events_10_chunk26.csv.gz ; row number: 1000 : Total Bulk count: 0 (optional bulk size: 1000)
2019-11-20 10:16:40,129 ERROR o.a.j.p.j.s.J.JSR223 Sampler: solr0.varonis
2019-11-20 10:16:40,129 ERROR o.a.j.p.j.s.J.JSR223 Sampler: File Name: prod_events_10_chunk26.csv.gz ; row number: 1000 : Total Bulk count: 0 (optional bulk size: 1000)
2019-11-20 10:16:40,245 ERROR o.a.j.p.j.s.J.JSR223 Sampler: solr0.varonis
2019-11-20 10:16:40,245 ERROR o.a.j.p.j.s.J.JSR223 Sampler: File Name: prod_events_10_chunk26.csv.gz ; row number: 1000 : Total Bulk count: 0 (optional bulk size: 1000)
2019-11-20 10:16:40,348 ERROR o.a.j.p.j.s.J.JSR223 Sampler: solr0.varonis
2019-11-20 10:16:40,348 ERROR o.a.j.p.j.s.J.JSR223 Sampler: File Name: prod_events_10_chunk26.csv.gz ; row number: 1000 : Total Bulk count: 0 (optional bulk size: 1000)
2019-11-20 10:16:40,452 ERROR o.a.j.p.j.s.J.JSR223 Sampler: solr0.varonis
2019-11-20 10:16:40,452 ERROR o.a.j.p.j.s.J.JSR223 Sampler: File Name: prod_events_10_chunk26.csv.gz ; row number: 1000 : Total Bulk count: 0 (optional bulk size: 1000)
2019-11-20 10:16:40,556 ERROR o.a.j.p.j.s.J.JSR223 Sampler: solr0.varonis
2019-11-20 10:16:40,556 ERROR o.a.j.p.j.s.J.JSR223 Sampler: File Name: prod_events_10_chunk26.csv.gz ; row number: 1000 : Total Bulk count: 0 (optional bulk size: 1000)
2019-11-20 10:16:40,659 ERROR o.a.j.p.j.s.J.JSR223 Sampler: solr0.varonis
2019-11-20 10:16:40,659 ERROR o.a.j.p.j.s.J.JSR223 Sampler: File Name: prod_events_10_chunk26.csv.gz ; row number: 1000 : Total Bulk count: 0 (optional bulk size: 1000)
2019-11-20 10:16:40,781 ERROR o.a.j.p.j.s.J.JSR223 Sampler: solr0.varonis
2019-11-20 10:16:40,782 ERROR o.a.j.p.j.s.J.JSR223 Sampler: File Name: prod_events_10_chunk26.csv.gz ; row number: 1000 : Total Bulk count: 0 (optional bulk size: 1000)
2019-11-20 10:16:40,887 ERROR o.a.j.p.j.s.J.JSR223 Sampler: solr0.varonis
2019-11-20 10:16:40,888 ERROR o.a.j.p.j.s.J.JSR223 Sampler: File Name: prod_events_10_chunk26.csv.gz ; row number: 1000 : Total Bulk count: 0 (optional bulk size: 1000)
2019-11-20 10:16:40,995 ERROR o.a.j.p.j.s.J.JSR223 Sampler: solr0.varonis
2019-11-20 10:16:40,995 ERROR o.a.j.p.j.s.J.JSR223 Sampler: File Name: prod_events_10_chunk26.csv.gz ; row number: 1000 : Total Bulk count: 0 (optional bulk size: 1000)
2019-11-20 10:16:41,099 ERROR o.a.j.p.j.s.J.JSR223 Sampler: solr0.varonis
2019-11-20 10:16:41,099 ERROR o.a.j.p.j.s.J.JSR223 Sampler: File Name: prod_events_10_chunk26.csv.gz ; row number: 1000 : Total Bulk count: 0 (optional bulk size: 1000)
2019-11-20 10:16:41,205 ERROR o.a.j.p.j.s.J.JSR223 Sampler: solr0.varonis
2019-11-20 10:16:41,205 ERROR o.a.j.p.j.s.J.JSR223 Sampler: File Name: prod_events_10_chunk26.csv.gz ; row number: 1000 : Total Bulk count: 0 (optional bulk size: 1000)
2019-11-20 10:16:41,311 ERROR o.a.j.p.j.s.J.JSR223 Sampler: solr0.varonis
2019-11-20 10:16:41,311 ERROR o.a.j.p.j.s.J.JSR223 Sampler: File Name: prod_events_10_chunk26.csv.gz ; row number: 1000 : Total Bulk count: 0 (optional bulk size: 1000)
2019-11-20 10:16:41,428 ERROR o.a.j.p.j.s.J.JSR223 Sampler: solr0.varonis
2019-11-20 10:16:41,428 ERROR o.a.j.p.j.s.J.JSR223 Sampler: File Name: prod_events_10_chunk26.csv.gz ; row number: 1000 : Total Bulk count: 0 (optional bulk size: 1000)
2019-11-20 10:16:41,531 ERROR o.a.j.p.j.s.J.JSR223 Sampler: solr0.varonis
2019-11-20 10:16:41,531 ERROR o.a.j.p.j.s.J.JSR223 Sampler: File Name: prod_events_10_chunk26.csv.gz ; row number: 1000 : Total Bulk count: 0 (optional bulk size: 1000)
2019-11-20 10:16:41,634 ERROR o.a.j.p.j.s.J.JSR223 Sampler: solr0.varonis
2019-11-20 10:16:41,634 ERROR o.a.j.p.j.s.J.JSR223 Sampler: File Name: prod_events_10_chunk26.csv.gz ; row number: 1000 : Total Bulk count: 0 (optional bulk size: 1000)
2019-11-20 10:16:41,737 ERROR o.a.j.p.j.s.J.JSR223 Sampler: solr0.varonis
2019-11-20 10:16:41,737 ERROR o.a.j.p.j.s.J.JSR223 Sampler: File Name: prod_events_10_chunk26.csv.gz ; row number: 1000 : Total Bulk count: 0 (optional bulk size: 1000)
2019-11-20 10:16:41,841 ERROR o.a.j.p.j.s.J.JSR223 Sampler: solr0.varonis
2019-11-20 10:16:41,841 ERROR o.a.j.p.j.s.J.JSR223 Sampler: File Name: prod_events_10_chunk26.csv.gz ; row number: 1000 : Total Bulk count: 0 (optional bulk size: 1000)
2019-11-20 10:16:41,945 ERROR o.a.j.p.j.s.J.JSR223 Sampler: solr0.varonis
2019-11-20 10:16:41,945 ERROR o.a.j.p.j.s.J.JSR223 Sampler: File Name: prod_events_10_chunk26.csv.gz ; row number: 1000 : Total Bulk count: 0 (optional bulk size: 1000)
2019-11-20 10:16:42,078 ERROR o.a.j.p.j.s.J.JSR223 Sampler: solr0.varonis
2019-11-20 10:16:42,078 ERROR o.a.j.p.j.s.J.JSR223 Sampler: File Name: prod_events_10_chunk26.csv.gz ; row number: 1000 : Total Bulk count: 0 (optional bulk size: 1000)
2019-11-20 10:16:42,194 ERROR o.a.j.p.j.s.J.JSR223 Sampler: solr0.varonis
2019-11-20 10:16:42,194 ERROR o.a.j.p.j.s.J.JSR223 Sampler: File Name: prod_events_10_chunk26.csv.gz ; row number: 1000 : Total Bulk count: 0 (optional bulk size: 1000)
2019-11-20 10:16:42,308 ERROR o.a.j.p.j.s.J.JSR223 Sampler: solr0.varonis
2019-11-20 10:16:42,309 ERROR o.a.j.p.j.s.J.JSR223 Sampler: File Name: prod_events_10_chunk26.csv.gz ; row number: 1000 : Total Bulk count: 0 (optional bulk size: 1000)
2019-11-20 10:16:42,414 ERROR o.a.j.p.j.s.J.JSR223 Sampler: solr0.varonis
2019-11-20 10:16:42,414 ERROR o.a.j.p.j.s.J.JSR223 Sampler: File Name: prod_events_10_chunk26.csv.gz ; row number: 1000 : Total Bulk count: 0 (optional bulk size: 1000)
2019-11-20 10:16:42,518 ERROR o.a.j.p.j.s.J.JSR223 Sampler: solr0.varonis
2019-11-20 10:16:42,518 ERROR o.a.j.p.j.s.J.JSR223 Sampler: File Name: prod_events_10_chunk26.csv.gz ; row number: 1000 : Total Bulk count: 0 (optional bulk size: 1000)
2019-11-20 10:16:42,626 ERROR o.a.j.p.j.s.J.JSR223 Sampler: solr0.varonis
2019-11-20 10:16:42,626 ERROR o.a.j.p.j.s.J.JSR223 Sampler: File Name: prod_events_10_chunk26.csv.gz ; row number: 1000 : Total Bulk count: 0 (optional bulk size: 1000)
2019-11-20 10:16:42,745 ERROR o.a.j.p.j.s.J.JSR223 Sampler: solr0.varonis
2019-11-20 10:16:42,745 ERROR o.a.j.p.j.s.J.JSR223 Sampler: File Name: prod_events_10_chunk26.csv.gz ; row number: 1000 : Total Bulk count: 0 (optional bulk size: 1000)
2019-11-20 10:16:42,851 ERROR o.a.j.p.j.s.J.JSR223 Sampler: solr0.varonis
2019-11-20 10:16:42,852 ERROR o.a.j.p.j.s.J.JSR223 Sampler: File Name: prod_events_10_chunk26.csv.gz ; row number: 1000 : Total Bulk count: 0 (optional bulk size: 1000)
2019-11-20 10:16:42,958 ERROR o.a.j.p.j.s.J.JSR223 Sampler: solr0.varonis
2019-11-20 10:16:42,958 ERROR o.a.j.p.j.s.J.JSR223 Sampler: File Name: prod_events_10_chunk26.csv.gz ; row number: 1000 : Total Bulk count: 0 (optional bulk size: 1000)
2019-11-20 10:16:43,064 ERROR o.a.j.p.j.s.J.JSR223 Sampler: solr0.varonis
2019-11-20 10:16:43,064 ERROR o.a.j.p.j.s.J.JSR223 Sampler: File Name: prod_events_10_chunk26.csv.gz ; row number: 1000 : Total Bulk count: 0 (optional bulk size: 1000)
2019-11-20 10:16:43,169 ERROR o.a.j.p.j.s.J.JSR223 Sampler: solr0.varonis
2019-11-20 10:16:43,169 ERROR o.a.j.p.j.s.J.JSR223 Sampler: File Name: prod_events_10_chunk26.csv.gz ; row number: 1000 : Total Bulk count: 0 (optional bulk size: 1000)
2019-11-20 10:16:43,275 ERROR o.a.j.p.j.s.J.JSR223 Sampler: solr0.varonis
2019-11-20 10:16:43,275 ERROR o.a.j.p.j.s.J.JSR223 Sampler: File Name: prod_events_10_chunk26.csv.gz ; row number: 1000 : Total Bulk count: 0 (optional bulk size: 1000)
2019-11-20 10:16:43,396 ERROR o.a.j.p.j.s.J.JSR223 Sampler: solr0.varonis
2019-11-20 10:16:43,397 ERROR o.a.j.p.j.s.J.JSR223 Sampler: File Name: prod_events_10_chunk26.csv.gz ; row number: 1000 : Total Bulk count: 0 (optional bulk size: 1000)
2019-11-20 10:16:43,500 ERROR o.a.j.p.j.s.J.JSR223 Sampler: solr0.varonis
2019-11-20 10:16:43,501 ERROR o.a.j.p.j.s.J.JSR223 Sampler: File Name: prod_events_10_chunk26.csv.gz ; row number: 1000 : Total Bulk count: 0 (optional bulk size: 1000)
2019-11-20 10:16:43,607 ERROR o.a.j.p.j.s.J.JSR223 Sampler: solr0.varonis
2019-11-20 10:16:43,607 ERROR o.a.j.p.j.s.J.JSR223 Sampler: File Name: prod_events_10_chunk26.csv.gz ; row number: 1000 : Total Bulk count: 0 (optional bulk size: 1000)
2019-11-20 10:16:43,709 ERROR o.a.j.p.j.s.J.JSR223 Sampler: solr0.varonis
2019-11-20 10:16:43,709 ERROR o.a.j.p.j.s.J.JSR223 Sampler: File Name: prod_events_10_chunk26.csv.gz ; row number: 1000 : Total Bulk count: 0 (optional bulk size: 1000)
2019-11-20 10:16:43,816 ERROR o.a.j.p.j.s.J.JSR223 Sampler: solr0.varonis
2019-11-20 10:16:43,816 ERROR o.a.j.p.j.s.J.JSR223 Sampler: File Name: prod_events_10_chunk26.csv.gz ; row number: 1000 : Total Bulk count: 0 (optional bulk size: 1000)
2019-11-20 10:16:43,920 ERROR o.a.j.p.j.s.J.JSR223 Sampler: solr0.varonis
2019-11-20 10:16:43,920 ERROR o.a.j.p.j.s.J.JSR223 Sampler: File Name: prod_events_10_chunk26.csv.gz ; row number: 1000 : Total Bulk count: 0 (optional bulk size: 1000)
2019-11-20 10:16:44,035 ERROR o.a.j.p.j.s.J.JSR223 Sampler: solr0.varonis
2019-11-20 10:16:44,035 ERROR o.a.j.p.j.s.J.JSR223 Sampler: File Name: prod_events_10_chunk26.csv.gz ; row number: 1000 : Total Bulk count: 0 (optional bulk size: 1000)
2019-11-20 10:16:44,141 ERROR o.a.j.p.j.s.J.JSR223 Sampler: solr0.varonis
2019-11-20 10:16:44,141 ERROR o.a.j.p.j.s.J.JSR223 Sampler: File Name: prod_events_10_chunk26.csv.gz ; row number: 1000 : Total Bulk count: 0 (optional bulk size: 1000)
2019-11-20 10:16:44,245 ERROR o.a.j.p.j.s.J.JSR223 Sampler: solr0.varonis
2019-11-20 10:16:44,245 ERROR o.a.j.p.j.s.J.JSR223 Sampler: File Name: prod_events_10_chunk26.csv.gz ; row number: 1000 : Total Bulk count: 0 (optional bulk size: 1000)
2019-11-20 10:16:44,350 ERROR o.a.j.p.j.s.J.JSR223 Sampler: solr0.varonis
2019-11-20 10:16:44,350 ERROR o.a.j.p.j.s.J.JSR223 Sampler: File Name: prod_events_10_chunk26.csv.gz ; row number: 1000 : Total Bulk count: 0 (optional bulk size: 1000)
2019-11-20 10:16:44,468 ERROR o.a.j.p.j.s.J.JSR223 Sampler: solr0.varonis
2019-11-20 10:16:44,468 ERROR o.a.j.p.j.s.J.JSR223 Sampler: File Name: prod_events_10_chunk26.csv.gz ; row number: 1000 : Total Bulk count: 0 (optional bulk size: 1000)
2019-11-20 10:16:44,574 ERROR o.a.j.p.j.s.J.JSR223 Sampler: solr0.varonis
2019-11-20 10:16:44,574 ERROR o.a.j.p.j.s.J.JSR223 Sampler: File Name: prod_events_10_chunk26.csv.gz ; row number: 1000 : Total Bulk count: 0 (optional bulk size: 1000)
2019-11-20 10:16:44,694 ERROR o.a.j.p.j.s.J.JSR223 Sampler: solr0.varonis
2019-11-20 10:16:44,694 ERROR o.a.j.p.j.s.J.JSR223 Sampler: File Name: prod_events_10_chunk26.csv.gz ; row number: 1000 : Total Bulk count: 0 (optional bulk size: 1000)
2019-11-20 10:16:44,797 ERROR o.a.j.p.j.s.J.JSR223 Sampler: solr0.varonis
2019-11-20 10:16:44,797 ERROR o.a.j.p.j.s.J.JSR223 Sampler: File Name: prod_events_10_chunk26.csv.gz ; row number: 1000 : Total Bulk count: 0 (optional bulk size: 1000)
2019-11-20 10:16:44,903 ERROR o.a.j.p.j.s.J.JSR223 Sampler: solr0.varonis
2019-11-20 10:16:44,904 ERROR o.a.j.p.j.s.J.JSR223 Sampler: File Name: prod_events_10_chunk26.csv.gz ; row number: 1000 : Total Bulk count: 0 (optional bulk size: 1000)
2019-11-20 10:16:45,008 ERROR o.a.j.p.j.s.J.JSR223 Sampler: solr0.varonis
2019-11-20 10:16:45,009 ERROR o.a.j.p.j.s.J.JSR223 Sampler: File Name: prod_events_10_chunk26.csv.gz ; row number: 1000 : Total Bulk count: 0 (optional bulk size: 1000)
2019-11-20 10:16:45,111 ERROR o.a.j.p.j.s.J.JSR223 Sampler: solr0.varonis
2019-11-20 10:16:45,111 ERROR o.a.j.p.j.s.J.JSR223 Sampler: File Name: prod_events_10_chunk26.csv.gz ; row number: 1000 : Total Bulk count: 0 (optional bulk size: 1000)
2019-11-20 10:16:45,212 ERROR o.a.j.p.j.s.J.JSR223 Sampler: solr0.varonis
2019-11-20 10:16:45,212 ERROR o.a.j.p.j.s.J.JSR223 Sampler: File Name: prod_events_10_chunk26.csv.gz ; row number: 1000 : Total Bulk count: 0 (optional bulk size: 1000)
2019-11-20 10:16:45,329 ERROR o.a.j.p.j.s.J.JSR223 Sampler: solr0.varonis
2019-11-20 10:16:45,329 ERROR o.a.j.p.j.s.J.JSR223 Sampler: File Name: prod_events_10_chunk26.csv.gz ; row number: 1000 : Total Bulk count: 0 (optional bulk size: 1000)
2019-11-20 10:16:45,439 ERROR o.a.j.p.j.s.J.JSR223 Sampler: solr0.varonis
2019-11-20 10:16:45,439 ERROR o.a.j.p.j.s.J.JSR223 Sampler: File Name: prod_events_10_chunk26.csv.gz ; row number: 1000 : Total Bulk count: 0 (optional bulk size: 1000)
2019-11-20 10:16:45,546 ERROR o.a.j.p.j.s.J.JSR223 Sampler: solr0.varonis
2019-11-20 10:16:45,546 ERROR o.a.j.p.j.s.J.JSR223 Sampler: File Name: prod_events_10_chunk26.csv.gz ; row number: 1000 : Total Bulk count: 0 (optional bulk size: 1000)
2019-11-20 10:16:45,651 ERROR o.a.j.p.j.s.J.JSR223 Sampler: solr0.varonis
2019-11-20 10:16:45,651 ERROR o.a.j.p.j.s.J.JSR223 Sampler: File Name: prod_events_10_chunk26.csv.gz ; row number: 1000 : Total Bulk count: 0 (optional bulk size: 1000)
2019-11-20 10:16:45,766 ERROR o.a.j.p.j.s.J.JSR223 Sampler: solr0.varonis
2019-11-20 10:16:45,766 ERROR o.a.j.p.j.s.J.JSR223 Sampler: File Name: prod_events_10_chunk26.csv.gz ; row number: 1000 : Total Bulk count: 0 (optional bulk size: 1000)
2019-11-20 10:16:45,884 ERROR o.a.j.p.j.s.J.JSR223 Sampler: solr0.varonis
2019-11-20 10:16:45,884 ERROR o.a.j.p.j.s.J.JSR223 Sampler: File Name: prod_events_10_chunk26.csv.gz ; row number: 1000 : Total Bulk count: 0 (optional bulk size: 1000)
2019-11-20 10:16:46,018 ERROR o.a.j.p.j.s.J.JSR223 Sampler: solr0.varonis
2019-11-20 10:16:46,019 ERROR o.a.j.p.j.s.J.JSR223 Sampler: File Name: prod_events_10_chunk26.csv.gz ; row number: 1000 : Total Bulk count: 0 (optional bulk size: 1000)
2019-11-20 10:16:46,147 ERROR o.a.j.p.j.s.J.JSR223 Sampler: solr0.varonis
2019-11-20 10:16:46,147 ERROR o.a.j.p.j.s.J.JSR223 Sampler: File Name: prod_events_10_chunk26.csv.gz ; row number: 1000 : Total Bulk count: 0 (optional bulk size: 1000)
2019-11-20 10:16:46,261 ERROR o.a.j.p.j.s.J.JSR223 Sampler: solr0.varonis
2019-11-20 10:16:46,261 ERROR o.a.j.p.j.s.J.JSR223 Sampler: File Name: prod_events_10_chunk26.csv.gz ; row number: 1000 : Total Bulk count: 0 (optional bulk size: 1000)
2019-11-20 10:16:46,364 ERROR o.a.j.p.j.s.J.JSR223 Sampler: solr0.varonis
2019-11-20 10:16:46,364 ERROR o.a.j.p.j.s.J.JSR223 Sampler: File Name: prod_events_10_chunk26.csv.gz ; row number: 1000 : Total Bulk count: 0 (optional bulk size: 1000)
2019-11-20 10:16:46,467 ERROR o.a.j.p.j.s.J.JSR223 Sampler: solr0.varonis
2019-11-20 10:16:46,467 ERROR o.a.j.p.j.s.J.JSR223 Sampler: File Name: prod_events_10_chunk26.csv.gz ; row number: 1000 : Total Bulk count: 0 (optional bulk size: 1000)
2019-11-20 10:16:46,586 ERROR o.a.j.p.j.s.J.JSR223 Sampler: solr0.varonis
2019-11-20 10:16:46,586 ERROR o.a.j.p.j.s.J.JSR223 Sampler: File Name: prod_events_10_chunk26.csv.gz ; row number: 1000 : Total Bulk count: 0 (optional bulk size: 1000)
2019-11-20 10:16:46,690 ERROR o.a.j.p.j.s.J.JSR223 Sampler: solr0.varonis
2019-11-20 10:16:46,690 ERROR o.a.j.p.j.s.J.JSR223 Sampler: File Name: prod_events_10_chunk26.csv.gz ; row number: 1000 : Total Bulk count: 0 (optional bulk size: 1000)
2019-11-20 10:16:46,794 ERROR o.a.j.p.j.s.J.JSR223 Sampler: solr0.varonis
2019-11-20 10:16:46,794 ERROR o.a.j.p.j.s.J.JSR223 Sampler: File Name: prod_events_10_chunk26.csv.gz ; row number: 1000 : Total Bulk count: 0 (optional bulk size: 1000)
2019-11-20 10:16:46,896 ERROR o.a.j.p.j.s.J.JSR223 Sampler: solr0.varonis
2019-11-20 10:16:46,896 ERROR o.a.j.p.j.s.J.JSR223 Sampler: File Name: prod_events_10_chunk26.csv.gz ; row number: 1000 : Total Bulk count: 0 (optional bulk size: 1000)
2019-11-20 10:16:47,000 ERROR o.a.j.p.j.s.J.JSR223 Sampler: solr0.varonis
2019-11-20 10:16:47,000 ERROR o.a.j.p.j.s.J.JSR223 Sampler: File Name: prod_events_10_chunk26.csv.gz ; row number: 1000 : Total Bulk count: 0 (optional bulk size: 1000)
2019-11-20 10:16:47,103 ERROR o.a.j.p.j.s.J.JSR223 Sampler: solr0.varonis
2019-11-20 10:16:47,103 ERROR o.a.j.p.j.s.J.JSR223 Sampler: File Name: prod_events_10_chunk26.csv.gz ; row number: 1000 : Total Bulk count: 0 (optional bulk size: 1000)
2019-11-20 10:16:47,219 ERROR o.a.j.p.j.s.J.JSR223 Sampler: solr0.varonis
2019-11-20 10:16:47,219 ERROR o.a.j.p.j.s.J.JSR223 Sampler: File Name: prod_events_10_chunk26.csv.gz ; row number: 1000 : Total Bulk count: 0 (optional bulk size: 1000)
2019-11-20 10:16:47,322 ERROR o.a.j.p.j.s.J.JSR223 Sampler: solr0.varonis
2019-11-20 10:16:47,322 ERROR o.a.j.p.j.s.J.JSR223 Sampler: File Name: prod_events_10_chunk26.csv.gz ; row number: 1000 : Total Bulk count: 0 (optional bulk size: 1000)
2019-11-20 10:16:47,426 ERROR o.a.j.p.j.s.J.JSR223 Sampler: solr0.varonis
2019-11-20 10:16:47,426 ERROR o.a.j.p.j.s.J.JSR223 Sampler: File Name: prod_events_10_chunk26.csv.gz ; row number: 1000 : Total Bulk count: 0 (optional bulk size: 1000)
2019-11-20 10:16:47,529 ERROR o.a.j.p.j.s.J.JSR223 Sampler: solr0.varonis
2019-11-20 10:16:47,529 ERROR o.a.j.p.j.s.J.JSR223 Sampler: File Name: prod_events_10_chunk26.csv.gz ; row number: 1000 : Total Bulk count: 0 (optional bulk size: 1000)
2019-11-20 10:16:47,637 ERROR o.a.j.p.j.s.J.JSR223 Sampler: solr0.varonis
2019-11-20 10:16:47,637 ERROR o.a.j.p.j.s.J.JSR223 Sampler: File Name: prod_events_10_chunk26.csv.gz ; row number: 1000 : Total Bulk count: 0 (optional bulk size: 1000)
2019-11-20 10:16:47,741 ERROR o.a.j.p.j.s.J.JSR223 Sampler: solr0.varonis
2019-11-20 10:16:47,741 ERROR o.a.j.p.j.s.J.JSR223 Sampler: File Name: prod_events_10_chunk26.csv.gz ; row number: 1000 : Total Bulk count: 0 (optional bulk size: 1000)
2019-11-20 10:16:47,856 ERROR o.a.j.p.j.s.J.JSR223 Sampler: solr0.varonis
2019-11-20 10:16:47,856 ERROR o.a.j.p.j.s.J.JSR223 Sampler: File Name: prod_events_10_chunk26.csv.gz ; row number: 1000 : Total Bulk count: 0 (optional bulk size: 1000)
2019-11-20 10:16:47,959 ERROR o.a.j.p.j.s.J.JSR223 Sampler: solr0.varonis
2019-11-20 10:16:47,959 ERROR o.a.j.p.j.s.J.JSR223 Sampler: File Name: prod_events_10_chunk26.csv.gz ; row number: 1000 : Total Bulk count: 0 (optional bulk size: 1000)
2019-11-20 10:16:48,118 ERROR o.a.j.p.j.s.J.JSR223 Sampler: solr0.varonis: Name does not resolve
2019-11-20 10:16:48,118 ERROR o.a.j.p.j.s.J.JSR223 Sampler: File Name: prod_events_10_chunk26.csv.gz ; row number: 1000 : Total Bulk count: 0 (optional bulk size: 1000)
2019-11-20 10:16:48,220 ERROR o.a.j.p.j.s.J.JSR223 Sampler: solr0.varonis
2019-11-20 10:16:48,220 ERROR o.a.j.p.j.s.J.JSR223 Sampler: File Name: prod_events_10_chunk26.csv.gz ; row number: 1000 : Total Bulk count: 0 (optional bulk size: 1000)
2019-11-20 10:16:48,326 ERROR o.a.j.p.j.s.J.JSR223 Sampler: solr0.varonis
2019-11-20 10:16:48,326 ERROR o.a.j.p.j.s.J.JSR223 Sampler: File Name: prod_events_10_chunk26.csv.gz ; row number: 1000 : Total Bulk count: 0 (optional bulk size: 1000)
2019-11-20 10:16:48,429 ERROR o.a.j.p.j.s.J.JSR223 Sampler: solr0.varonis
2019-11-20 10:16:48,429 ERROR o.a.j.p.j.s.J.JSR223 Sampler: File Name: prod_events_10_chunk26.csv.gz ; row number: 1000 : Total Bulk count: 0 (optional bulk size: 1000)
2019-11-20 10:16:48,544 ERROR o.a.j.p.j.s.J.JSR223 Sampler: solr0.varonis
2019-11-20 10:16:48,544 ERROR o.a.j.p.j.s.J.JSR223 Sampler: File Name: prod_events_10_chunk26.csv.gz ; row number: 1000 : Total Bulk count: 0 (optional bulk size: 1000)
2019-11-20 10:16:48,647 ERROR o.a.j.p.j.s.J.JSR223 Sampler: solr0.varonis
2019-11-20 10:16:48,648 ERROR o.a.j.p.j.s.J.JSR223 Sampler: File Name: prod_events_10_chunk26.csv.gz ; row number: 1000 : Total Bulk count: 0 (optional bulk size: 1000)
2019-11-20 10:16:48,754 ERROR o.a.j.p.j.s.J.JSR223 Sampler: solr0.varonis
2019-11-20 10:16:48,755 ERROR o.a.j.p.j.s.J.JSR223 Sampler: File Name: prod_events_10_chunk26.csv.gz ; row number: 1000 : Total Bulk count: 0 (optional bulk size: 1000)
2019-11-20 10:16:48,857 ERROR o.a.j.p.j.s.J.JSR223 Sampler: solr0.varonis
2019-11-20 10:16:48,857 ERROR o.a.j.p.j.s.J.JSR223 Sampler: File Name: prod_events_10_chunk26.csv.gz ; row number: 1000 : Total Bulk count: 0 (optional bulk size: 1000)
2019-11-20 10:16:48,959 ERROR o.a.j.p.j.s.J.JSR223 Sampler: solr0.varonis
2019-11-20 10:16:48,959 ERROR o.a.j.p.j.s.J.JSR223 Sampler: File Name: prod_events_10_chunk26.csv.gz ; row number: 1000 : Total Bulk count: 0 (optional bulk size: 1000)
2019-11-20 10:16:49,059 ERROR o.a.j.p.j.s.J.JSR223 Sampler: solr0.varonis
2019-11-20 10:16:49,060 ERROR o.a.j.p.j.s.J.JSR223 Sampler: File Name: prod_events_10_chunk26.csv.gz ; row number: 1000 : Total Bulk count: 0 (optional bulk size: 1000)
2019-11-20 10:16:49,167 ERROR o.a.j.p.j.s.J.JSR223 Sampler: solr0.varonis
2019-11-20 10:16:49,167 ERROR o.a.j.p.j.s.J.JSR223 Sampler: File Name: prod_events_10_chunk26.csv.gz ; row number: 1000 : Total Bulk count: 0 (optional bulk size: 1000)
2019-11-20 10:16:49,269 ERROR o.a.j.p.j.s.J.JSR223 Sampler: solr0.varonis
2019-11-20 10:16:49,269 ERROR o.a.j.p.j.s.J.JSR223 Sampler: File Name: prod_events_10_chunk26.csv.gz ; row number: 1000 : Total Bulk count: 0 (optional bulk size: 1000)
2019-11-20 10:16:49,369 ERROR o.a.j.p.j.s.J.JSR223 Sampler: solr0.varonis
2019-11-20 10:16:49,369 ERROR o.a.j.p.j.s.J.JSR223 Sampler: File Name: prod_events_10_chunk26.csv.gz ; row number: 1000 : Total Bulk count: 0 (optional bulk size: 1000)
2019-11-20 10:16:49,495 ERROR o.a.j.p.j.s.J.JSR223 Sampler: solr0.varonis
2019-11-20 10:16:49,495 ERROR o.a.j.p.j.s.J.JSR223 Sampler: File Name: prod_events_10_chunk26.csv.gz ; row number: 1000 : Total Bulk count: 0 (optional bulk size: 1000)
2019-11-20 10:16:49,636 ERROR o.a.j.p.j.s.J.JSR223 Sampler: solr0.varonis
2019-11-20 10:16:49,636 ERROR o.a.j.p.j.s.J.JSR223 Sampler: File Name: prod_events_10_chunk26.csv.gz ; row number: 1000 : Total Bulk count: 0 (optional bulk size: 1000)
2019-11-20 10:16:49,742 ERROR o.a.j.p.j.s.J.JSR223 Sampler: solr0.varonis
2019-11-20 10:16:49,743 ERROR o.a.j.p.j.s.J.JSR223 Sampler: File Name: prod_events_10_chunk26.csv.gz ; row number: 1000 : Total Bulk count: 0 (optional bulk size: 1000)
2019-11-20 10:16:49,883 ERROR o.a.j.p.j.s.J.JSR223 Sampler: solr0.varonis
2019-11-20 10:16:49,883 ERROR o.a.j.p.j.s.J.JSR223 Sampler: File Name: prod_events_10_chunk26.csv.gz ; row number: 1000 : Total Bulk count: 0 (optional bulk size: 1000)
2019-11-20 10:16:49,997 ERROR o.a.j.p.j.s.J.JSR223 Sampler: solr0.varonis
2019-11-20 10:16:49,997 ERROR o.a.j.p.j.s.J.JSR223 Sampler: File Name: prod_events_10_chunk26.csv.gz ; row number: 1000 : Total Bulk count: 0 (optional bulk size: 1000)
2019-11-20 10:16:50,099 ERROR o.a.j.p.j.s.J.JSR223 Sampler: solr0.varonis
2019-11-20 10:16:50,099 ERROR o.a.j.p.j.s.J.JSR223 Sampler: File Name: prod_events_10_chunk26.csv.gz ; row number: 1000 : Total Bulk count: 0 (optional bulk size: 1000)
2019-11-20 10:16:50,200 ERROR o.a.j.p.j.s.J.JSR223 Sampler: solr0.varonis
2019-11-20 10:16:50,200 ERROR o.a.j.p.j.s.J.JSR223 Sampler: File Name: prod_events_10_chunk26.csv.gz ; row number: 1000 : Total Bulk count: 0 (optional bulk size: 1000)
2019-11-20 10:16:50,317 ERROR o.a.j.p.j.s.J.JSR223 Sampler: solr0.varonis
2019-11-20 10:16:50,318 ERROR o.a.j.p.j.s.J.JSR223 Sampler: File Name: prod_events_10_chunk26.csv.gz ; row number: 1000 : Total Bulk count: 0 (optional bulk size: 1000)
2019-11-20 10:16:50,449 ERROR o.a.j.p.j.s.J.JSR223 Sampler: solr0.varonis
2019-11-20 10:16:50,449 ERROR o.a.j.p.j.s.J.JSR223 Sampler: File Name: prod_events_10_chunk26.csv.gz ; row number: 1000 : Total Bulk count: 0 (optional bulk size: 1000)
2019-11-20 10:16:50,557 ERROR o.a.j.p.j.s.J.JSR223 Sampler: solr0.varonis
2019-11-20 10:16:50,557 ERROR o.a.j.p.j.s.J.JSR223 Sampler: File Name: prod_events_10_chunk26.csv.gz ; row number: 1000 : Total Bulk count: 0 (optional bulk size: 1000)
2019-11-20 10:16:50,662 ERROR o.a.j.p.j.s.J.JSR223 Sampler: solr0.varonis
2019-11-20 10:16:50,662 ERROR o.a.j.p.j.s.J.JSR223 Sampler: File Name: prod_events_10_chunk26.csv.gz ; row number: 1000 : Total Bulk count: 0 (optional bulk size: 1000)
2019-11-20 10:16:50,772 ERROR o.a.j.p.j.s.J.JSR223 Sampler: solr0.varonis
2019-11-20 10:16:50,772 ERROR o.a.j.p.j.s.J.JSR223 Sampler: File Name: prod_events_10_chunk26.csv.gz ; row number: 1000 : Total Bulk count: 0 (optional bulk size: 1000)
2019-11-20 10:16:50,876 ERROR o.a.j.p.j.s.J.JSR223 Sampler: solr0.varonis
2019-11-20 10:16:50,876 ERROR o.a.j.p.j.s.J.JSR223 Sampler: File Name: prod_events_10_chunk26.csv.gz ; row number: 1000 : Total Bulk count: 0 (optional bulk size: 1000)
2019-11-20 10:16:50,976 ERROR o.a.j.p.j.s.J.JSR223 Sampler: solr0.varonis
2019-11-20 10:16:50,976 ERROR o.a.j.p.j.s.J.JSR223 Sampler: File Name: prod_events_10_chunk26.csv.gz ; row number: 1000 : Total Bulk count: 0 (optional bulk size: 1000)
2019-11-20 10:16:51,109 ERROR o.a.j.p.j.s.J.JSR223 Sampler: solr0.varonis
2019-11-20 10:16:51,109 ERROR o.a.j.p.j.s.J.JSR223 Sampler: File Name: prod_events_10_chunk26.csv.gz ; row number: 1000 : Total Bulk count: 0 (optional bulk size: 1000)
2019-11-20 10:16:51,232 ERROR o.a.j.p.j.s.J.JSR223 Sampler: solr0.varonis
2019-11-20 10:16:51,232 ERROR o.a.j.p.j.s.J.JSR223 Sampler: File Name: prod_events_10_chunk26.csv.gz ; row number: 1000 : Total Bulk count: 0 (optional bulk size: 1000)
2019-11-20 10:16:51,334 ERROR o.a.j.p.j.s.J.JSR223 Sampler: solr0.varonis
2019-11-20 10:16:51,334 ERROR o.a.j.p.j.s.J.JSR223 Sampler: File Name: prod_events_10_chunk26.csv.gz ; row number: 1000 : Total Bulk count: 0 (optional bulk size: 1000)
2019-11-20 10:16:51,440 ERROR o.a.j.p.j.s.J.JSR223 Sampler: solr0.varonis
2019-11-20 10:16:51,440 ERROR o.a.j.p.j.s.J.JSR223 Sampler: File Name: prod_events_10_chunk26.csv.gz ; row number: 1000 : Total Bulk count: 0 (optional bulk size: 1000)
2019-11-20 10:16:51,545 ERROR o.a.j.p.j.s.J.JSR223 Sampler: solr0.varonis
2019-11-20 10:16:51,545 ERROR o.a.j.p.j.s.J.JSR223 Sampler: File Name: prod_events_10_chunk26.csv.gz ; row number: 1000 : Total Bulk count: 0 (optional bulk size: 1000)
2019-11-20 10:16:51,648 ERROR o.a.j.p.j.s.J.JSR223 Sampler: solr0.varonis
2019-11-20 10:16:51,648 ERROR o.a.j.p.j.s.J.JSR223 Sampler: File Name: prod_events_10_chunk26.csv.gz ; row number: 1000 : Total Bulk count: 0 (optional bulk size: 1000)
2019-11-20 10:16:51,752 ERROR o.a.j.p.j.s.J.JSR223 Sampler: solr0.varonis
2019-11-20 10:16:51,752 ERROR o.a.j.p.j.s.J.JSR223 Sampler: File Name: prod_events_10_chunk26.csv.gz ; row number: 1000 : Total Bulk count: 0 (optional bulk size: 1000)
2019-11-20 10:16:51,866 ERROR o.a.j.p.j.s.J.JSR223 Sampler: solr0.varonis
2019-11-20 10:16:51,866 ERROR o.a.j.p.j.s.J.JSR223 Sampler: File Name: prod_events_10_chunk26.csv.gz ; row number: 1000 : Total Bulk count: 0 (optional bulk size: 1000)
2019-11-20 10:16:51,992 ERROR o.a.j.p.j.s.J.JSR223 Sampler: solr0.varonis
2019-11-20 10:16:51,992 ERROR o.a.j.p.j.s.J.JSR223 Sampler: File Name: prod_events_10_chunk26.csv.gz ; row number: 1000 : Total Bulk count: 0 (optional bulk size: 1000)
2019-11-20 10:16:52,117 ERROR o.a.j.p.j.s.J.JSR223 Sampler: solr0.varonis
2019-11-20 10:16:52,117 ERROR o.a.j.p.j.s.J.JSR223 Sampler: File Name: prod_events_10_chunk26.csv.gz ; row number: 1000 : Total Bulk count: 0 (optional bulk size: 1000)
2019-11-20 10:16:52,223 ERROR o.a.j.p.j.s.J.JSR223 Sampler: solr0.varonis
2019-11-20 10:16:52,223 ERROR o.a.j.p.j.s.J.JSR223 Sampler: File Name: prod_events_10_chunk26.csv.gz ; row number: 1000 : Total Bulk count: 0 (optional bulk size: 1000)
2019-11-20 10:16:52,328 ERROR o.a.j.p.j.s.J.JSR223 Sampler: solr0.varonis
2019-11-20 10:16:52,328 ERROR o.a.j.p.j.s.J.JSR223 Sampler: File Name: prod_events_10_chunk26.csv.gz ; row number: 1000 : Total Bulk count: 0 (optional bulk size: 1000)
2019-11-20 10:16:52,430 ERROR o.a.j.p.j.s.J.JSR223 Sampler: solr0.varonis
2019-11-20 10:16:52,431 ERROR o.a.j.p.j.s.J.JSR223 Sampler: File Name: prod_events_10_chunk26.csv.gz ; row number: 1000 : Total Bulk count: 0 (optional bulk size: 1000)
2019-11-20 10:16:52,539 ERROR o.a.j.p.j.s.J.JSR223 Sampler: solr0.varonis
2019-11-20 10:16:52,539 ERROR o.a.j.p.j.s.J.JSR223 Sampler: File Name: prod_events_10_chunk26.csv.gz ; row number: 1000 : Total Bulk count: 0 (optional bulk size: 1000)
2019-11-20 10:16:52,642 ERROR o.a.j.p.j.s.J.JSR223 Sampler: solr0.varonis
2019-11-20 10:16:52,642 ERROR o.a.j.p.j.s.J.JSR223 Sampler: File Name: prod_events_10_chunk26.csv.gz ; row number: 1000 : Total Bulk count: 0 (optional bulk size: 1000)
2019-11-20 10:16:52,754 ERROR o.a.j.p.j.s.J.JSR223 Sampler: solr0.varonis
2019-11-20 10:16:52,754 ERROR o.a.j.p.j.s.J.JSR223 Sampler: File Name: prod_events_10_chunk26.csv.gz ; row number: 1000 : Total Bulk count: 0 (optional bulk size: 1000)
2019-11-20 10:16:52,859 ERROR o.a.j.p.j.s.J.JSR223 Sampler: solr0.varonis
2019-11-20 10:16:52,859 ERROR o.a.j.p.j.s.J.JSR223 Sampler: File Name: prod_events_10_chunk26.csv.gz ; row number: 1000 : Total Bulk count: 0 (optional bulk size: 1000)
2019-11-20 10:16:52,971 ERROR o.a.j.p.j.s.J.JSR223 Sampler: solr0.varonis
2019-11-20 10:16:52,971 ERROR o.a.j.p.j.s.J.JSR223 Sampler: File Name: prod_events_10_chunk26.csv.gz ; row number: 1000 : Total Bulk count: 0 (optional bulk size: 1000)
2019-11-20 10:16:53,127 ERROR o.a.j.p.j.s.J.JSR223 Sampler: solr0.varonis
2019-11-20 10:16:53,127 ERROR o.a.j.p.j.s.J.JSR223 Sampler: File Name: prod_events_10_chunk26.csv.gz ; row number: 1000 : Total Bulk count: 0 (optional bulk size: 1000)
2019-11-20 10:16:53,240 ERROR o.a.j.p.j.s.J.JSR223 Sampler: solr0.varonis
2019-11-20 10:16:53,240 ERROR o.a.j.p.j.s.J.JSR223 Sampler: File Name: prod_events_10_chunk26.csv.gz ; row number: 1000 : Total Bulk count: 0 (optional bulk size: 1000)
2019-11-20 10:16:53,343 ERROR o.a.j.p.j.s.J.JSR223 Sampler: solr0.varonis
2019-11-20 10:16:53,343 ERROR o.a.j.p.j.s.J.JSR223 Sampler: File Name: prod_events_10_chunk26.csv.gz ; row number: 1000 : Total Bulk count: 0 (optional bulk size: 1000)
2019-11-20 10:16:53,447 ERROR o.a.j.p.j.s.J.JSR223 Sampler: solr0.varonis
2019-11-20 10:16:53,447 ERROR o.a.j.p.j.s.J.JSR223 Sampler: File Name: prod_events_10_chunk26.csv.gz ; row number: 1000 : Total Bulk count: 0 (optional bulk size: 1000)
2019-11-20 10:16:53,549 ERROR o.a.j.p.j.s.J.JSR223 Sampler: solr0.varonis
2019-11-20 10:16:53,549 ERROR o.a.j.p.j.s.J.JSR223 Sampler: File Name: prod_events_10_chunk26.csv.gz ; row number: 1000 : Total Bulk count: 0 (optional bulk size: 1000)
2019-11-20 10:16:53,652 ERROR o.a.j.p.j.s.J.JSR223 Sampler: solr0.varonis
2019-11-20 10:16:53,652 ERROR o.a.j.p.j.s.J.JSR223 Sampler: File Name: prod_events_10_chunk26.csv.gz ; row number: 1000 : Total Bulk count: 0 (optional bulk size: 1000)
2019-11-20 10:16:53,759 ERROR o.a.j.p.j.s.J.JSR223 Sampler: solr0.varonis
2019-11-20 10:16:53,759 ERROR o.a.j.p.j.s.J.JSR223 Sampler: File Name: prod_events_10_chunk26.csv.gz ; row number: 1000 : Total Bulk count: 0 (optional bulk size: 1000)
2019-11-20 10:16:53,867 ERROR o.a.j.p.j.s.J.JSR223 Sampler: solr0.varonis
2019-11-20 10:16:53,867 ERROR o.a.j.p.j.s.J.JSR223 Sampler: File Name: prod_events_10_chunk26.csv.gz ; row number: 1000 : Total Bulk count: 0 (optional bulk size: 1000)
2019-11-20 10:16:53,972 ERROR o.a.j.p.j.s.J.JSR223 Sampler: solr0.varonis
2019-11-20 10:16:53,972 ERROR o.a.j.p.j.s.J.JSR223 Sampler: File Name: prod_events_10_chunk26.csv.gz ; row number: 1000 : Total Bulk count: 0 (optional bulk size: 1000)
2019-11-20 10:16:54,076 ERROR o.a.j.p.j.s.J.JSR223 Sampler: solr0.varonis
2019-11-20 10:16:54,076 ERROR o.a.j.p.j.s.J.JSR223 Sampler: File Name: prod_events_10_chunk26.csv.gz ; row number: 1000 : Total Bulk count: 0 (optional bulk size: 1000)
2019-11-20 10:16:54,206 ERROR o.a.j.p.j.s.J.JSR223 Sampler: solr0.varonis
2019-11-20 10:16:54,206 ERROR o.a.j.p.j.s.J.JSR223 Sampler: File Name: prod_events_10_chunk26.csv.gz ; row number: 1000 : Total Bulk count: 0 (optional bulk size: 1000)
2019-11-20 10:16:54,334 ERROR o.a.j.p.j.s.J.JSR223 Sampler: solr0.varonis
2019-11-20 10:16:54,334 ERROR o.a.j.p.j.s.J.JSR223 Sampler: File Name: prod_events_10_chunk26.csv.gz ; row number: 1000 : Total Bulk count: 0 (optional bulk size: 1000)
2019-11-20 10:16:54,438 ERROR o.a.j.p.j.s.J.JSR223 Sampler: solr0.varonis
2019-11-20 10:16:54,438 ERROR o.a.j.p.j.s.J.JSR223 Sampler: File Name: prod_events_10_chunk26.csv.gz ; row number: 1000 : Total Bulk count: 0 (optional bulk size: 1000)
2019-11-20 10:16:54,545 ERROR o.a.j.p.j.s.J.JSR223 Sampler: solr0.varonis
2019-11-20 10:16:54,545 ERROR o.a.j.p.j.s.J.JSR223 Sampler: File Name: prod_events_10_chunk26.csv.gz ; row number: 1000 : Total Bulk count: 0 (optional bulk size: 1000)
2019-11-20 10:16:54,661 ERROR o.a.j.p.j.s.J.JSR223 Sampler: solr0.varonis
2019-11-20 10:16:54,661 ERROR o.a.j.p.j.s.J.JSR223 Sampler: File Name: prod_events_10_chunk26.csv.gz ; row number: 1000 : Total Bulk count: 0 (optional bulk size: 1000)
2019-11-20 10:16:54,765 ERROR o.a.j.p.j.s.J.JSR223 Sampler: solr0.varonis
2019-11-20 10:16:54,766 ERROR o.a.j.p.j.s.J.JSR223 Sampler: File Name: prod_events_10_chunk26.csv.gz ; row number: 1000 : Total Bulk count: 0 (optional bulk size: 1000)
2019-11-20 10:16:54,869 ERROR o.a.j.p.j.s.J.JSR223 Sampler: solr0.varonis
2019-11-20 10:16:54,869 ERROR o.a.j.p.j.s.J.JSR223 Sampler: File Name: prod_events_10_chunk26.csv.gz ; row number: 1000 : Total Bulk count: 0 (optional bulk size: 1000)
2019-11-20 10:16:54,972 ERROR o.a.j.p.j.s.J.JSR223 Sampler: solr0.varonis
2019-11-20 10:16:54,973 ERROR o.a.j.p.j.s.J.JSR223 Sampler: File Name: prod_events_10_chunk26.csv.gz ; row number: 1000 : Total Bulk count: 0 (optional bulk size: 1000)
2019-11-20 10:16:55,074 ERROR o.a.j.p.j.s.J.JSR223 Sampler: solr0.varonis
2019-11-20 10:16:55,074 ERROR o.a.j.p.j.s.J.JSR223 Sampler: File Name: prod_events_10_chunk26.csv.gz ; row number: 1000 : Total Bulk count: 0 (optional bulk size: 1000)
2019-11-20 10:16:55,180 ERROR o.a.j.p.j.s.J.JSR223 Sampler: solr0.varonis
2019-11-20 10:16:55,181 ERROR o.a.j.p.j.s.J.JSR223 Sampler: File Name: prod_events_10_chunk26.csv.gz ; row number: 1000 : Total Bulk count: 0 (optional bulk size: 1000)
2019-11-20 10:16:55,282 ERROR o.a.j.p.j.s.J.JSR223 Sampler: solr0.varonis
2019-11-20 10:16:55,282 ERROR o.a.j.p.j.s.J.JSR223 Sampler: File Name: prod_events_10_chunk26.csv.gz ; row number: 1000 : Total Bulk count: 0 (optional bulk size: 1000)
2019-11-20 10:16:55,382 ERROR o.a.j.p.j.s.J.JSR223 Sampler: solr0.varonis
2019-11-20 10:16:55,382 ERROR o.a.j.p.j.s.J.JSR223 Sampler: File Name: prod_events_10_chunk26.csv.gz ; row number: 1000 : Total Bulk count: 0 (optional bulk size: 1000)
2019-11-20 10:16:55,483 ERROR o.a.j.p.j.s.J.JSR223 Sampler: solr0.varonis
2019-11-20 10:16:55,483 ERROR o.a.j.p.j.s.J.JSR223 Sampler: File Name: prod_events_10_chunk26.csv.gz ; row number: 1000 : Total Bulk count: 0 (optional bulk size: 1000)
2019-11-20 10:16:55,584 ERROR o.a.j.p.j.s.J.JSR223 Sampler: solr0.varonis
2019-11-20 10:16:55,584 ERROR o.a.j.p.j.s.J.JSR223 Sampler: File Name: prod_events_10_chunk26.csv.gz ; row number: 1000 : Total Bulk count: 0 (optional bulk size: 1000)
2019-11-20 10:16:55,685 ERROR o.a.j.p.j.s.J.JSR223 Sampler: solr0.varonis
2019-11-20 10:16:55,685 ERROR o.a.j.p.j.s.J.JSR223 Sampler: File Name: prod_events_10_chunk26.csv.gz ; row number: 1000 : Total Bulk count: 0 (optional bulk size: 1000)
2019-11-20 10:16:55,794 ERROR o.a.j.p.j.s.J.JSR223 Sampler: solr0.varonis
2019-11-20 10:16:55,794 ERROR o.a.j.p.j.s.J.JSR223 Sampler: File Name: prod_events_10_chunk26.csv.gz ; row number: 1000 : Total Bulk count: 0 (optional bulk size: 1000)
2019-11-20 10:16:55,896 ERROR o.a.j.p.j.s.J.JSR223 Sampler: solr0.varonis
2019-11-20 10:16:55,896 ERROR o.a.j.p.j.s.J.JSR223 Sampler: File Name: prod_events_10_chunk26.csv.gz ; row number: 1000 : Total Bulk count: 0 (optional bulk size: 1000)
2019-11-20 10:16:56,000 ERROR o.a.j.p.j.s.J.JSR223 Sampler: solr0.varonis
2019-11-20 10:16:56,000 ERROR o.a.j.p.j.s.J.JSR223 Sampler: File Name: prod_events_10_chunk26.csv.gz ; row number: 1000 : Total Bulk count: 0 (optional bulk size: 1000)
2019-11-20 10:16:56,103 ERROR o.a.j.p.j.s.J.JSR223 Sampler: solr0.varonis
2019-11-20 10:16:56,103 ERROR o.a.j.p.j.s.J.JSR223 Sampler: File Name: prod_events_10_chunk26.csv.gz ; row number: 1000 : Total Bulk count: 0 (optional bulk size: 1000)
2019-11-20 10:16:56,205 ERROR o.a.j.p.j.s.J.JSR223 Sampler: solr0.varonis
2019-11-20 10:16:56,205 ERROR o.a.j.p.j.s.J.JSR223 Sampler: File Name: prod_events_10_chunk26.csv.gz ; row number: 1000 : Total Bulk count: 0 (optional bulk size: 1000)
2019-11-20 10:16:56,306 ERROR o.a.j.p.j.s.J.JSR223 Sampler: solr0.varonis
2019-11-20 10:16:56,306 ERROR o.a.j.p.j.s.J.JSR223 Sampler: File Name: prod_events_10_chunk26.csv.gz ; row number: 1000 : Total Bulk count: 0 (optional bulk size: 1000)
2019-11-20 10:16:56,415 ERROR o.a.j.p.j.s.J.JSR223 Sampler: solr0.varonis
2019-11-20 10:16:56,415 ERROR o.a.j.p.j.s.J.JSR223 Sampler: File Name: prod_events_10_chunk26.csv.gz ; row number: 1000 : Total Bulk count: 0 (optional bulk size: 1000)
2019-11-20 10:16:56,525 ERROR o.a.j.p.j.s.J.JSR223 Sampler: solr0.varonis
2019-11-20 10:16:56,525 ERROR o.a.j.p.j.s.J.JSR223 Sampler: File Name: prod_events_10_chunk26.csv.gz ; row number: 1000 : Total Bulk count: 0 (optional bulk size: 1000)
2019-11-20 10:16:56,633 ERROR o.a.j.p.j.s.J.JSR223 Sampler: solr0.varonis
2019-11-20 10:16:56,633 ERROR o.a.j.p.j.s.J.JSR223 Sampler: File Name: prod_events_10_chunk26.csv.gz ; row number: 1000 : Total Bulk count: 0 (optional bulk size: 1000)
2019-11-20 10:16:56,748 ERROR o.a.j.p.j.s.J.JSR223 Sampler: solr0.varonis
2019-11-20 10:16:56,749 ERROR o.a.j.p.j.s.J.JSR223 Sampler: File Name: prod_events_10_chunk26.csv.gz ; row number: 1000 : Total Bulk count: 0 (optional bulk size: 1000)
2019-11-20 10:16:56,851 ERROR o.a.j.p.j.s.J.JSR223 Sampler: solr0.varonis
2019-11-20 10:16:56,851 ERROR o.a.j.p.j.s.J.JSR223 Sampler: File Name: prod_events_10_chunk26.csv.gz ; row number: 1000 : Total Bulk count: 0 (optional bulk size: 1000)
2019-11-20 10:16:56,951 ERROR o.a.j.p.j.s.J.JSR223 Sampler: solr0.varonis
2019-11-20 10:16:56,952 ERROR o.a.j.p.j.s.J.JSR223 Sampler: File Name: prod_events_10_chunk26.csv.gz ; row number: 1000 : Total Bulk count: 0 (optional bulk size: 1000)
2019-11-20 10:16:57,058 ERROR o.a.j.p.j.s.J.JSR223 Sampler: solr0.varonis
2019-11-20 10:16:57,059 ERROR o.a.j.p.j.s.J.JSR223 Sampler: File Name: prod_events_10_chunk26.csv.gz ; row number: 1000 : Total Bulk count: 0 (optional bulk size: 1000)
2019-11-20 10:16:57,162 ERROR o.a.j.p.j.s.J.JSR223 Sampler: solr0.varonis
2019-11-20 10:16:57,162 ERROR o.a.j.p.j.s.J.JSR223 Sampler: File Name: prod_events_10_chunk26.csv.gz ; row number: 1000 : Total Bulk count: 0 (optional bulk size: 1000)
2019-11-20 10:16:57,267 ERROR o.a.j.p.j.s.J.JSR223 Sampler: solr0.varonis
2019-11-20 10:16:57,267 ERROR o.a.j.p.j.s.J.JSR223 Sampler: File Name: prod_events_10_chunk26.csv.gz ; row number: 1000 : Total Bulk count: 0 (optional bulk size: 1000)
2019-11-20 10:16:57,371 ERROR o.a.j.p.j.s.J.JSR223 Sampler: solr0.varonis
2019-11-20 10:16:57,372 ERROR o.a.j.p.j.s.J.JSR223 Sampler: File Name: prod_events_10_chunk26.csv.gz ; row number: 1000 : Total Bulk count: 0 (optional bulk size: 1000)
2019-11-20 10:16:57,474 ERROR o.a.j.p.j.s.J.JSR223 Sampler: solr0.varonis
2019-11-20 10:16:57,474 ERROR o.a.j.p.j.s.J.JSR223 Sampler: File Name: prod_events_10_chunk26.csv.gz ; row number: 1000 : Total Bulk count: 0 (optional bulk size: 1000)
2019-11-20 10:16:57,575 ERROR o.a.j.p.j.s.J.JSR223 Sampler: solr0.varonis
2019-11-20 10:16:57,575 ERROR o.a.j.p.j.s.J.JSR223 Sampler: File Name: prod_events_10_chunk26.csv.gz ; row number: 1000 : Total Bulk count: 0 (optional bulk size: 1000)
2019-11-20 10:16:57,694 ERROR o.a.j.p.j.s.J.JSR223 Sampler: solr0.varonis
2019-11-20 10:16:57,694 ERROR o.a.j.p.j.s.J.JSR223 Sampler: File Name: prod_events_10_chunk26.csv.gz ; row number: 1000 : Total Bulk count: 0 (optional bulk size: 1000)
2019-11-20 10:16:57,796 ERROR o.a.j.p.j.s.J.JSR223 Sampler: solr0.varonis
2019-11-20 10:16:57,797 ERROR o.a.j.p.j.s.J.JSR223 Sampler: File Name: prod_events_10_chunk26.csv.gz ; row number: 1000 : Total Bulk count: 0 (optional bulk size: 1000)
2019-11-20 10:16:57,897 ERROR o.a.j.p.j.s.J.JSR223 Sampler: solr0.varonis
2019-11-20 10:16:57,897 ERROR o.a.j.p.j.s.J.JSR223 Sampler: File Name: prod_events_10_chunk26.csv.gz ; row number: 1000 : Total Bulk count: 0 (optional bulk size: 1000)
2019-11-20 10:16:57,997 ERROR o.a.j.p.j.s.J.JSR223 Sampler: solr0.varonis
2019-11-20 10:16:57,997 ERROR o.a.j.p.j.s.J.JSR223 Sampler: File Name: prod_events_10_chunk26.csv.gz ; row number: 1000 : Total Bulk count: 0 (optional bulk size: 1000)
2019-11-20 10:16:58,098 ERROR o.a.j.p.j.s.J.JSR223 Sampler: solr0.varonis
2019-11-20 10:16:58,098 ERROR o.a.j.p.j.s.J.JSR223 Sampler: File Name: prod_events_10_chunk26.csv.gz ; row number: 1000 : Total Bulk count: 0 (optional bulk size: 1000)
2019-11-20 10:16:58,256 ERROR o.a.j.p.j.s.J.JSR223 Sampler: solr0.varonis: Name does not resolve
2019-11-20 10:16:58,256 ERROR o.a.j.p.j.s.J.JSR223 Sampler: File Name: prod_events_10_chunk26.csv.gz ; row number: 1000 : Total Bulk count: 0 (optional bulk size: 1000)
2019-11-20 10:16:58,365 ERROR o.a.j.p.j.s.J.JSR223 Sampler: solr0.varonis
2019-11-20 10:16:58,365 ERROR o.a.j.p.j.s.J.JSR223 Sampler: File Name: prod_events_10_chunk26.csv.gz ; row number: 1000 : Total Bulk count: 0 (optional bulk size: 1000)
2019-11-20 10:16:58,469 ERROR o.a.j.p.j.s.J.JSR223 Sampler: solr0.varonis
2019-11-20 10:16:58,470 ERROR o.a.j.p.j.s.J.JSR223 Sampler: File Name: prod_events_10_chunk26.csv.gz ; row number: 1000 : Total Bulk count: 0 (optional bulk size: 1000)
2019-11-20 10:16:58,572 ERROR o.a.j.p.j.s.J.JSR223 Sampler: solr0.varonis
2019-11-20 10:16:58,572 ERROR o.a.j.p.j.s.J.JSR223 Sampler: File Name: prod_events_10_chunk26.csv.gz ; row number: 1000 : Total Bulk count: 0 (optional bulk size: 1000)
2019-11-20 10:16:58,673 ERROR o.a.j.p.j.s.J.JSR223 Sampler: solr0.varonis
2019-11-20 10:16:58,673 ERROR o.a.j.p.j.s.J.JSR223 Sampler: File Name: prod_events_10_chunk26.csv.gz ; row number: 1000 : Total Bulk count: 0 (optional bulk size: 1000)
2019-11-20 10:16:58,777 ERROR o.a.j.p.j.s.J.JSR223 Sampler: solr0.varonis
2019-11-20 10:16:58,777 ERROR o.a.j.p.j.s.J.JSR223 Sampler: File Name: prod_events_10_chunk26.csv.gz ; row number: 1000 : Total Bulk count: 0 (optional bulk size: 1000)
2019-11-20 10:16:58,878 ERROR o.a.j.p.j.s.J.JSR223 Sampler: solr0.varonis
2019-11-20 10:16:58,878 ERROR o.a.j.p.j.s.J.JSR223 Sampler: File Name: prod_events_10_chunk26.csv.gz ; row number: 1000 : Total Bulk count: 0 (optional bulk size: 1000)
2019-11-20 10:16:58,990 ERROR o.a.j.p.j.s.J.JSR223 Sampler: solr0.varonis
2019-11-20 10:16:58,990 ERROR o.a.j.p.j.s.J.JSR223 Sampler: File Name: prod_events_10_chunk26.csv.gz ; row number: 1000 : Total Bulk count: 0 (optional bulk size: 1000)
2019-11-20 10:16:59,095 ERROR o.a.j.p.j.s.J.JSR223 Sampler: solr0.varonis
2019-11-20 10:16:59,095 ERROR o.a.j.p.j.s.J.JSR223 Sampler: File Name: prod_events_10_chunk26.csv.gz ; row number: 1000 : Total Bulk count: 0 (optional bulk size: 1000)
2019-11-20 10:16:59,197 ERROR o.a.j.p.j.s.J.JSR223 Sampler: solr0.varonis
2019-11-20 10:16:59,197 ERROR o.a.j.p.j.s.J.JSR223 Sampler: File Name: prod_events_10_chunk26.csv.gz ; row number: 1000 : Total Bulk count: 0 (optional bulk size: 1000)
2019-11-20 10:16:59,299 ERROR o.a.j.p.j.s.J.JSR223 Sampler: solr0.varonis
2019-11-20 10:16:59,299 ERROR o.a.j.p.j.s.J.JSR223 Sampler: File Name: prod_events_10_chunk26.csv.gz ; row number: 1000 : Total Bulk count: 0 (optional bulk size: 1000)
2019-11-20 10:16:59,402 ERROR o.a.j.p.j.s.J.JSR223 Sampler: solr0.varonis
2019-11-20 10:16:59,402 ERROR o.a.j.p.j.s.J.JSR223 Sampler: File Name: prod_events_10_chunk26.csv.gz ; row number: 1000 : Total Bulk count: 0 (optional bulk size: 1000)
2019-11-20 10:16:59,505 ERROR o.a.j.p.j.s.J.JSR223 Sampler: solr0.varonis
2019-11-20 10:16:59,505 ERROR o.a.j.p.j.s.J.JSR223 Sampler: File Name: prod_events_10_chunk26.csv.gz ; row number: 1000 : Total Bulk count: 0 (optional bulk size: 1000)
2019-11-20 10:16:59,614 ERROR o.a.j.p.j.s.J.JSR223 Sampler: solr0.varonis
2019-11-20 10:16:59,614 ERROR o.a.j.p.j.s.J.JSR223 Sampler: File Name: prod_events_10_chunk26.csv.gz ; row number: 1000 : Total Bulk count: 0 (optional bulk size: 1000)
2019-11-20 10:16:59,725 ERROR o.a.j.p.j.s.J.JSR223 Sampler: solr0.varonis
2019-11-20 10:16:59,725 ERROR o.a.j.p.j.s.J.JSR223 Sampler: File Name: prod_events_10_chunk26.csv.gz ; row number: 1000 : Total Bulk count: 0 (optional bulk size: 1000)
2019-11-20 10:16:59,828 ERROR o.a.j.p.j.s.J.JSR223 Sampler: solr0.varonis
2019-11-20 10:16:59,828 ERROR o.a.j.p.j.s.J.JSR223 Sampler: File Name: prod_events_10_chunk26.csv.gz ; row number: 1000 : Total Bulk count: 0 (optional bulk size: 1000)
2019-11-20 10:16:59,928 ERROR o.a.j.p.j.s.J.JSR223 Sampler: solr0.varonis
2019-11-20 10:16:59,929 ERROR o.a.j.p.j.s.J.JSR223 Sampler: File Name: prod_events_10_chunk26.csv.gz ; row number: 1000 : Total Bulk count: 0 (optional bulk size: 1000)
2019-11-20 10:17:00,034 ERROR o.a.j.p.j.s.J.JSR223 Sampler: solr0.varonis
2019-11-20 10:17:00,034 ERROR o.a.j.p.j.s.J.JSR223 Sampler: File Name: prod_events_10_chunk26.csv.gz ; row number: 1000 : Total Bulk count: 0 (optional bulk size: 1000)
2019-11-20 10:17:00,151 ERROR o.a.j.p.j.s.J.JSR223 Sampler: solr0.varonis
2019-11-20 10:17:00,151 ERROR o.a.j.p.j.s.J.JSR223 Sampler: File Name: prod_events_10_chunk26.csv.gz ; row number: 1000 : Total Bulk count: 0 (optional bulk size: 1000)
2019-11-20 10:17:00,267 ERROR o.a.j.p.j.s.J.JSR223 Sampler: solr0.varonis
2019-11-20 10:17:00,267 ERROR o.a.j.p.j.s.J.JSR223 Sampler: File Name: prod_events_10_chunk26.csv.gz ; row number: 1000 : Total Bulk count: 0 (optional bulk size: 1000)
2019-11-20 10:17:00,372 ERROR o.a.j.p.j.s.J.JSR223 Sampler: solr0.varonis
2019-11-20 10:17:00,372 ERROR o.a.j.p.j.s.J.JSR223 Sampler: File Name: prod_events_10_chunk26.csv.gz ; row number: 1000 : Total Bulk count: 0 (optional bulk size: 1000)
2019-11-20 10:17:00,476 ERROR o.a.j.p.j.s.J.JSR223 Sampler: solr0.varonis
2019-11-20 10:17:00,476 ERROR o.a.j.p.j.s.J.JSR223 Sampler: File Name: prod_events_10_chunk26.csv.gz ; row number: 1000 : Total Bulk count: 0 (optional bulk size: 1000)
2019-11-20 10:17:00,578 ERROR o.a.j.p.j.s.J.JSR223 Sampler: solr0.varonis
2019-11-20 10:17:00,578 ERROR o.a.j.p.j.s.J.JSR223 Sampler: File Name: prod_events_10_chunk26.csv.gz ; row number: 1000 : Total Bulk count: 0 (optional bulk size: 1000)
2019-11-20 10:17:00,682 ERROR o.a.j.p.j.s.J.JSR223 Sampler: solr0.varonis
2019-11-20 10:17:00,683 ERROR o.a.j.p.j.s.J.JSR223 Sampler: File Name: prod_events_10_chunk26.csv.gz ; row number: 1000 : Total Bulk count: 0 (optional bulk size: 1000)
2019-11-20 10:17:00,789 ERROR o.a.j.p.j.s.J.JSR223 Sampler: solr0.varonis
2019-11-20 10:17:00,789 ERROR o.a.j.p.j.s.J.JSR223 Sampler: File Name: prod_events_10_chunk26.csv.gz ; row number: 1000 : Total Bulk count: 0 (optional bulk size: 1000)
2019-11-20 10:17:00,898 ERROR o.a.j.p.j.s.J.JSR223 Sampler: solr0.varonis
2019-11-20 10:17:00,898 ERROR o.a.j.p.j.s.J.JSR223 Sampler: File Name: prod_events_10_chunk26.csv.gz ; row number: 1000 : Total Bulk count: 0 (optional bulk size: 1000)
2019-11-20 10:17:01,005 ERROR o.a.j.p.j.s.J.JSR223 Sampler: solr0.varonis
2019-11-20 10:17:01,005 ERROR o.a.j.p.j.s.J.JSR223 Sampler: File Name: prod_events_10_chunk26.csv.gz ; row number: 1000 : Total Bulk count: 0 (optional bulk size: 1000)
2019-11-20 10:17:01,114 ERROR o.a.j.p.j.s.J.JSR223 Sampler: solr0.varonis
2019-11-20 10:17:01,114 ERROR o.a.j.p.j.s.J.JSR223 Sampler: File Name: prod_events_10_chunk26.csv.gz ; row number: 1000 : Total Bulk count: 0 (optional bulk size: 1000)
2019-11-20 10:17:01,214 ERROR o.a.j.p.j.s.J.JSR223 Sampler: solr0.varonis
2019-11-20 10:17:01,214 ERROR o.a.j.p.j.s.J.JSR223 Sampler: File Name: prod_events_10_chunk26.csv.gz ; row number: 1000 : Total Bulk count: 0 (optional bulk size: 1000)
2019-11-20 10:17:01,315 ERROR o.a.j.p.j.s.J.JSR223 Sampler: solr0.varonis
2019-11-20 10:17:01,315 ERROR o.a.j.p.j.s.J.JSR223 Sampler: File Name: prod_events_10_chunk26.csv.gz ; row number: 1000 : Total Bulk count: 0 (optional bulk size: 1000)
2019-11-20 10:17:01,416 ERROR o.a.j.p.j.s.J.JSR223 Sampler: solr0.varonis
2019-11-20 10:17:01,416 ERROR o.a.j.p.j.s.J.JSR223 Sampler: File Name: prod_events_10_chunk26.csv.gz ; row number: 1000 : Total Bulk count: 0 (optional bulk size: 1000)
2019-11-20 10:17:01,528 ERROR o.a.j.p.j.s.J.JSR223 Sampler: solr0.varonis
2019-11-20 10:17:01,528 ERROR o.a.j.p.j.s.J.JSR223 Sampler: File Name: prod_events_10_chunk26.csv.gz ; row number: 1000 : Total Bulk count: 0 (optional bulk size: 1000)
2019-11-20 10:17:01,628 ERROR o.a.j.p.j.s.J.JSR223 Sampler: solr0.varonis
2019-11-20 10:17:01,628 ERROR o.a.j.p.j.s.J.JSR223 Sampler: File Name: prod_events_10_chunk26.csv.gz ; row number: 1000 : Total Bulk count: 0 (optional bulk size: 1000)
2019-11-20 10:17:01,732 ERROR o.a.j.p.j.s.J.JSR223 Sampler: solr0.varonis
2019-11-20 10:17:01,732 ERROR o.a.j.p.j.s.J.JSR223 Sampler: File Name: prod_events_10_chunk26.csv.gz ; row number: 1000 : Total Bulk count: 0 (optional bulk size: 1000)
2019-11-20 10:17:01,833 ERROR o.a.j.p.j.s.J.JSR223 Sampler: solr0.varonis
2019-11-20 10:17:01,833 ERROR o.a.j.p.j.s.J.JSR223 Sampler: File Name: prod_events_10_chunk26.csv.gz ; row number: 1000 : Total Bulk count: 0 (optional bulk size: 1000)
2019-11-20 10:17:01,936 ERROR o.a.j.p.j.s.J.JSR223 Sampler: solr0.varonis
2019-11-20 10:17:01,937 ERROR o.a.j.p.j.s.J.JSR223 Sampler: File Name: prod_events_10_chunk26.csv.gz ; row number: 1000 : Total Bulk count: 0 (optional bulk size: 1000)
2019-11-20 10:17:02,043 ERROR o.a.j.p.j.s.J.JSR223 Sampler: solr0.varonis
2019-11-20 10:17:02,043 ERROR o.a.j.p.j.s.J.JSR223 Sampler: File Name: prod_events_10_chunk26.csv.gz ; row number: 1000 : Total Bulk count: 0 (optional bulk size: 1000)
2019-11-20 10:17:02,157 ERROR o.a.j.p.j.s.J.JSR223 Sampler: solr0.varonis
2019-11-20 10:17:02,157 ERROR o.a.j.p.j.s.J.JSR223 Sampler: File Name: prod_events_10_chunk26.csv.gz ; row number: 1000 : Total Bulk count: 0 (optional bulk size: 1000)
2019-11-20 10:17:02,261 ERROR o.a.j.p.j.s.J.JSR223 Sampler: solr0.varonis
2019-11-20 10:17:02,261 ERROR o.a.j.p.j.s.J.JSR223 Sampler: File Name: prod_events_10_chunk26.csv.gz ; row number: 1000 : Total Bulk count: 0 (optional bulk size: 1000)
2019-11-20 10:17:02,365 ERROR o.a.j.p.j.s.J.JSR223 Sampler: solr0.varonis
2019-11-20 10:17:02,365 ERROR o.a.j.p.j.s.J.JSR223 Sampler: File Name: prod_events_10_chunk26.csv.gz ; row number: 1000 : Total Bulk count: 0 (optional bulk size: 1000)
2019-11-20 10:17:02,469 ERROR o.a.j.p.j.s.J.JSR223 Sampler: solr0.varonis
2019-11-20 10:17:02,469 ERROR o.a.j.p.j.s.J.JSR223 Sampler: File Name: prod_events_10_chunk26.csv.gz ; row number: 1000 : Total Bulk count: 0 (optional bulk size: 1000)
2019-11-20 10:17:02,572 ERROR o.a.j.p.j.s.J.JSR223 Sampler: solr0.varonis
2019-11-20 10:17:02,572 ERROR o.a.j.p.j.s.J.JSR223 Sampler: File Name: prod_events_10_chunk26.csv.gz ; row number: 1000 : Total Bulk count: 0 (optional bulk size: 1000)
2019-11-20 10:17:02,677 ERROR o.a.j.p.j.s.J.JSR223 Sampler: solr0.varonis
2019-11-20 10:17:02,678 ERROR o.a.j.p.j.s.J.JSR223 Sampler: File Name: prod_events_10_chunk26.csv.gz ; row number: 1000 : Total Bulk count: 0 (optional bulk size: 1000)
2019-11-20 10:17:02,788 ERROR o.a.j.p.j.s.J.JSR223 Sampler: solr0.varonis
2019-11-20 10:17:02,788 ERROR o.a.j.p.j.s.J.JSR223 Sampler: File Name: prod_events_10_chunk26.csv.gz ; row number: 1000 : Total Bulk count: 0 (optional bulk size: 1000)
2019-11-20 10:17:02,890 ERROR o.a.j.p.j.s.J.JSR223 Sampler: solr0.varonis
2019-11-20 10:17:02,890 ERROR o.a.j.p.j.s.J.JSR223 Sampler: File Name: prod_events_10_chunk26.csv.gz ; row number: 1000 : Total Bulk count: 0 (optional bulk size: 1000)
2019-11-20 10:17:02,993 ERROR o.a.j.p.j.s.J.JSR223 Sampler: solr0.varonis
2019-11-20 10:17:02,993 ERROR o.a.j.p.j.s.J.JSR223 Sampler: File Name: prod_events_10_chunk26.csv.gz ; row number: 1000 : Total Bulk count: 0 (optional bulk size: 1000)
2019-11-20 10:17:03,093 ERROR o.a.j.p.j.s.J.JSR223 Sampler: solr0.varonis
2019-11-20 10:17:03,093 ERROR o.a.j.p.j.s.J.JSR223 Sampler: File Name: prod_events_10_chunk26.csv.gz ; row number: 1000 : Total Bulk count: 0 (optional bulk size: 1000)
2019-11-20 10:17:03,196 ERROR o.a.j.p.j.s.J.JSR223 Sampler: solr0.varonis
2019-11-20 10:17:03,196 ERROR o.a.j.p.j.s.J.JSR223 Sampler: File Name: prod_events_10_chunk26.csv.gz ; row number: 1000 : Total Bulk count: 0 (optional bulk size: 1000)
2019-11-20 10:17:03,298 ERROR o.a.j.p.j.s.J.JSR223 Sampler: solr0.varonis
2019-11-20 10:17:03,298 ERROR o.a.j.p.j.s.J.JSR223 Sampler: File Name: prod_events_10_chunk26.csv.gz ; row number: 1000 : Total Bulk count: 0 (optional bulk size: 1000)
2019-11-20 10:17:03,409 ERROR o.a.j.p.j.s.J.JSR223 Sampler: solr0.varonis
2019-11-20 10:17:03,409 ERROR o.a.j.p.j.s.J.JSR223 Sampler: File Name: prod_events_10_chunk26.csv.gz ; row number: 1000 : Total Bulk count: 0 (optional bulk size: 1000)
2019-11-20 10:17:03,511 ERROR o.a.j.p.j.s.J.JSR223 Sampler: solr0.varonis
2019-11-20 10:17:03,512 ERROR o.a.j.p.j.s.J.JSR223 Sampler: File Name: prod_events_10_chunk26.csv.gz ; row number: 1000 : Total Bulk count: 0 (optional bulk size: 1000)
2019-11-20 10:17:03,614 ERROR o.a.j.p.j.s.J.JSR223 Sampler: solr0.varonis
2019-11-20 10:17:03,614 ERROR o.a.j.p.j.s.J.JSR223 Sampler: File Name: prod_events_10_chunk26.csv.gz ; row number: 1000 : Total Bulk count: 0 (optional bulk size: 1000)
2019-11-20 10:17:03,720 ERROR o.a.j.p.j.s.J.JSR223 Sampler: solr0.varonis
2019-11-20 10:17:03,720 ERROR o.a.j.p.j.s.J.JSR223 Sampler: File Name: prod_events_10_chunk26.csv.gz ; row number: 1000 : Total Bulk count: 0 (optional bulk size: 1000)
2019-11-20 10:17:03,826 ERROR o.a.j.p.j.s.J.JSR223 Sampler: solr0.varonis
2019-11-20 10:17:03,826 ERROR o.a.j.p.j.s.J.JSR223 Sampler: File Name: prod_events_10_chunk26.csv.gz ; row number: 1000 : Total Bulk count: 0 (optional bulk size: 1000)
2019-11-20 10:17:03,928 ERROR o.a.j.p.j.s.J.JSR223 Sampler: solr0.varonis
2019-11-20 10:17:03,928 ERROR o.a.j.p.j.s.J.JSR223 Sampler: File Name: prod_events_10_chunk26.csv.gz ; row number: 1000 : Total Bulk count: 0 (optional bulk size: 1000)
2019-11-20 10:17:04,036 ERROR o.a.j.p.j.s.J.JSR223 Sampler: solr0.varonis
2019-11-20 10:17:04,036 ERROR o.a.j.p.j.s.J.JSR223 Sampler: File Name: prod_events_10_chunk26.csv.gz ; row number: 1000 : Total Bulk count: 0 (optional bulk size: 1000)
2019-11-20 10:17:04,150 ERROR o.a.j.p.j.s.J.JSR223 Sampler: solr0.varonis
2019-11-20 10:17:04,150 ERROR o.a.j.p.j.s.J.JSR223 Sampler: File Name: prod_events_10_chunk26.csv.gz ; row number: 1000 : Total Bulk count: 0 (optional bulk size: 1000)
2019-11-20 10:17:04,251 ERROR o.a.j.p.j.s.J.JSR223 Sampler: solr0.varonis
2019-11-20 10:17:04,251 ERROR o.a.j.p.j.s.J.JSR223 Sampler: File Name: prod_events_10_chunk26.csv.gz ; row number: 1000 : Total Bulk count: 0 (optional bulk size: 1000)
2019-11-20 10:17:04,354 ERROR o.a.j.p.j.s.J.JSR223 Sampler: solr0.varonis
2019-11-20 10:17:04,354 ERROR o.a.j.p.j.s.J.JSR223 Sampler: File Name: prod_events_10_chunk26.csv.gz ; row number: 1000 : Total Bulk count: 0 (optional bulk size: 1000)
2019-11-20 10:17:04,458 ERROR o.a.j.p.j.s.J.JSR223 Sampler: solr0.varonis
2019-11-20 10:17:04,458 ERROR o.a.j.p.j.s.J.JSR223 Sampler: File Name: prod_events_10_chunk26.csv.gz ; row number: 1000 : Total Bulk count: 0 (optional bulk size: 1000)
2019-11-20 10:17:04,563 ERROR o.a.j.p.j.s.J.JSR223 Sampler: solr0.varonis
2019-11-20 10:17:04,563 ERROR o.a.j.p.j.s.J.JSR223 Sampler: File Name: prod_events_10_chunk26.csv.gz ; row number: 1000 : Total Bulk count: 0 (optional bulk size: 1000)
2019-11-20 10:17:04,688 ERROR o.a.j.p.j.s.J.JSR223 Sampler: solr0.varonis
2019-11-20 10:17:04,688 ERROR o.a.j.p.j.s.J.JSR223 Sampler: File Name: prod_events_10_chunk26.csv.gz ; row number: 1000 : Total Bulk count: 0 (optional bulk size: 1000)
2019-11-20 10:17:04,789 ERROR o.a.j.p.j.s.J.JSR223 Sampler: solr0.varonis
2019-11-20 10:17:04,789 ERROR o.a.j.p.j.s.J.JSR223 Sampler: File Name: prod_events_10_chunk26.csv.gz ; row number: 1000 : Total Bulk count: 0 (optional bulk size: 1000)
2019-11-20 10:17:04,890 ERROR o.a.j.p.j.s.J.JSR223 Sampler: solr0.varonis
2019-11-20 10:17:04,890 ERROR o.a.j.p.j.s.J.JSR223 Sampler: File Name: prod_events_10_chunk26.csv.gz ; row number: 1000 : Total Bulk count: 0 (optional bulk size: 1000)
2019-11-20 10:17:04,992 ERROR o.a.j.p.j.s.J.JSR223 Sampler: solr0.varonis
2019-11-20 10:17:04,993 ERROR o.a.j.p.j.s.J.JSR223 Sampler: File Name: prod_events_10_chunk26.csv.gz ; row number: 1000 : Total Bulk count: 0 (optional bulk size: 1000)
2019-11-20 10:17:05,097 ERROR o.a.j.p.j.s.J.JSR223 Sampler: solr0.varonis
2019-11-20 10:17:05,097 ERROR o.a.j.p.j.s.J.JSR223 Sampler: File Name: prod_events_10_chunk26.csv.gz ; row number: 1000 : Total Bulk count: 0 (optional bulk size: 1000)
2019-11-20 10:17:05,202 ERROR o.a.j.p.j.s.J.JSR223 Sampler: solr0.varonis
2019-11-20 10:17:05,202 ERROR o.a.j.p.j.s.J.JSR223 Sampler: File Name: prod_events_10_chunk26.csv.gz ; row number: 1000 : Total Bulk count: 0 (optional bulk size: 1000)
2019-11-20 10:17:05,315 ERROR o.a.j.p.j.s.J.JSR223 Sampler: solr0.varonis
2019-11-20 10:17:05,316 ERROR o.a.j.p.j.s.J.JSR223 Sampler: File Name: prod_events_10_chunk26.csv.gz ; row number: 1000 : Total Bulk count: 0 (optional bulk size: 1000)
2019-11-20 10:17:05,422 ERROR o.a.j.p.j.s.J.JSR223 Sampler: solr0.varonis
2019-11-20 10:17:05,422 ERROR o.a.j.p.j.s.J.JSR223 Sampler: File Name: prod_events_10_chunk26.csv.gz ; row number: 1000 : Total Bulk count: 0 (optional bulk size: 1000)
2019-11-20 10:17:05,529 ERROR o.a.j.p.j.s.J.JSR223 Sampler: solr0.varonis
2019-11-20 10:17:05,529 ERROR o.a.j.p.j.s.J.JSR223 Sampler: File Name: prod_events_10_chunk26.csv.gz ; row number: 1000 : Total Bulk count: 0 (optional bulk size: 1000)
2019-11-20 10:17:05,633 ERROR o.a.j.p.j.s.J.JSR223 Sampler: solr0.varonis
2019-11-20 10:17:05,634 ERROR o.a.j.p.j.s.J.JSR223 Sampler: File Name: prod_events_10_chunk26.csv.gz ; row number: 1000 : Total Bulk count: 0 (optional bulk size: 1000)
2019-11-20 10:17:05,767 ERROR o.a.j.p.j.s.J.JSR223 Sampler: solr0.varonis
2019-11-20 10:17:05,767 ERROR o.a.j.p.j.s.J.JSR223 Sampler: File Name: prod_events_10_chunk26.csv.gz ; row number: 1000 : Total Bulk count: 0 (optional bulk size: 1000)
2019-11-20 10:17:05,898 ERROR o.a.j.p.j.s.J.JSR223 Sampler: solr0.varonis
2019-11-20 10:17:05,898 ERROR o.a.j.p.j.s.J.JSR223 Sampler: File Name: prod_events_10_chunk26.csv.gz ; row number: 1000 : Total Bulk count: 0 (optional bulk size: 1000)
2019-11-20 10:17:06,002 ERROR o.a.j.p.j.s.J.JSR223 Sampler: solr0.varonis
2019-11-20 10:17:06,003 ERROR o.a.j.p.j.s.J.JSR223 Sampler: File Name: prod_events_10_chunk26.csv.gz ; row number: 1000 : Total Bulk count: 0 (optional bulk size: 1000)
2019-11-20 10:17:06,107 ERROR o.a.j.p.j.s.J.JSR223 Sampler: solr0.varonis
2019-11-20 10:17:06,107 ERROR o.a.j.p.j.s.J.JSR223 Sampler: File Name: prod_events_10_chunk26.csv.gz ; row number: 1000 : Total Bulk count: 0 (optional bulk size: 1000)
2019-11-20 10:17:06,210 ERROR o.a.j.p.j.s.J.JSR223 Sampler: solr0.varonis
2019-11-20 10:17:06,210 ERROR o.a.j.p.j.s.J.JSR223 Sampler: File Name: prod_events_10_chunk26.csv.gz ; row number: 1000 : Total Bulk count: 0 (optional bulk size: 1000)
2019-11-20 10:17:06,314 ERROR o.a.j.p.j.s.J.JSR223 Sampler: solr0.varonis
2019-11-20 10:17:06,314 ERROR o.a.j.p.j.s.J.JSR223 Sampler: File Name: prod_events_10_chunk26.csv.gz ; row number: 1000 : Total Bulk count: 0 (optional bulk size: 1000)
2019-11-20 10:17:06,417 ERROR o.a.j.p.j.s.J.JSR223 Sampler: solr0.varonis
2019-11-20 10:17:06,417 ERROR o.a.j.p.j.s.J.JSR223 Sampler: File Name: prod_events_10_chunk26.csv.gz ; row number: 1000 : Total Bulk count: 0 (optional bulk size: 1000)
2019-11-20 10:17:06,539 ERROR o.a.j.p.j.s.J.JSR223 Sampler: solr0.varonis
2019-11-20 10:17:06,539 ERROR o.a.j.p.j.s.J.JSR223 Sampler: File Name: prod_events_10_chunk26.csv.gz ; row number: 1000 : Total Bulk count: 0 (optional bulk size: 1000)
2019-11-20 10:17:06,643 ERROR o.a.j.p.j.s.J.JSR223 Sampler: solr0.varonis
2019-11-20 10:17:06,643 ERROR o.a.j.p.j.s.J.JSR223 Sampler: File Name: prod_events_10_chunk26.csv.gz ; row number: 1000 : Total Bulk count: 0 (optional bulk size: 1000)
2019-11-20 10:17:06,747 ERROR o.a.j.p.j.s.J.JSR223 Sampler: solr0.varonis
2019-11-20 10:17:06,747 ERROR o.a.j.p.j.s.J.JSR223 Sampler: File Name: prod_events_10_chunk26.csv.gz ; row number: 1000 : Total Bulk count: 0 (optional bulk size: 1000)
2019-11-20 10:17:06,855 ERROR o.a.j.p.j.s.J.JSR223 Sampler: solr0.varonis
2019-11-20 10:17:06,855 ERROR o.a.j.p.j.s.J.JSR223 Sampler: File Name: prod_events_10_chunk26.csv.gz ; row number: 1000 : Total Bulk count: 0 (optional bulk size: 1000)
2019-11-20 10:17:06,973 ERROR o.a.j.p.j.s.J.JSR223 Sampler: solr0.varonis
2019-11-20 10:17:06,973 ERROR o.a.j.p.j.s.J.JSR223 Sampler: File Name: prod_events_10_chunk26.csv.gz ; row number: 1000 : Total Bulk count: 0 (optional bulk size: 1000)
2019-11-20 10:17:07,080 ERROR o.a.j.p.j.s.J.JSR223 Sampler: solr0.varonis
2019-11-20 10:17:07,080 ERROR o.a.j.p.j.s.J.JSR223 Sampler: File Name: prod_events_10_chunk26.csv.gz ; row number: 1000 : Total Bulk count: 0 (optional bulk size: 1000)
2019-11-20 10:17:07,202 ERROR o.a.j.p.j.s.J.JSR223 Sampler: solr0.varonis
2019-11-20 10:17:07,202 ERROR o.a.j.p.j.s.J.JSR223 Sampler: File Name: prod_events_10_chunk26.csv.gz ; row number: 1000 : Total Bulk count: 0 (optional bulk size: 1000)
2019-11-20 10:17:07,306 ERROR o.a.j.p.j.s.J.JSR223 Sampler: solr0.varonis
2019-11-20 10:17:07,307 ERROR o.a.j.p.j.s.J.JSR223 Sampler: File Name: prod_events_10_chunk26.csv.gz ; row number: 1000 : Total Bulk count: 0 (optional bulk size: 1000)
2019-11-20 10:17:07,408 ERROR o.a.j.p.j.s.J.JSR223 Sampler: solr0.varonis
2019-11-20 10:17:07,408 ERROR o.a.j.p.j.s.J.JSR223 Sampler: File Name: prod_events_10_chunk26.csv.gz ; row number: 1000 : Total Bulk count: 0 (optional bulk size: 1000)
2019-11-20 10:17:07,511 ERROR o.a.j.p.j.s.J.JSR223 Sampler: solr0.varonis
2019-11-20 10:17:07,511 ERROR o.a.j.p.j.s.J.JSR223 Sampler: File Name: prod_events_10_chunk26.csv.gz ; row number: 1000 : Total Bulk count: 0 (optional bulk size: 1000)
2019-11-20 10:17:07,626 ERROR o.a.j.p.j.s.J.JSR223 Sampler: solr0.varonis
2019-11-20 10:17:07,626 ERROR o.a.j.p.j.s.J.JSR223 Sampler: File Name: prod_events_10_chunk26.csv.gz ; row number: 1000 : Total Bulk count: 0 (optional bulk size: 1000)
2019-11-20 10:17:07,729 ERROR o.a.j.p.j.s.J.JSR223 Sampler: solr0.varonis
2019-11-20 10:17:07,729 ERROR o.a.j.p.j.s.J.JSR223 Sampler: File Name: prod_events_10_chunk26.csv.gz ; row number: 1000 : Total Bulk count: 0 (optional bulk size: 1000)
2019-11-20 10:17:07,841 ERROR o.a.j.p.j.s.J.JSR223 Sampler: solr0.varonis
2019-11-20 10:17:07,841 ERROR o.a.j.p.j.s.J.JSR223 Sampler: File Name: prod_events_10_chunk26.csv.gz ; row number: 1000 : Total Bulk count: 0 (optional bulk size: 1000)
2019-11-20 10:17:07,946 ERROR o.a.j.p.j.s.J.JSR223 Sampler: solr0.varonis
2019-11-20 10:17:07,946 ERROR o.a.j.p.j.s.J.JSR223 Sampler: File Name: prod_events_10_chunk26.csv.gz ; row number: 1000 : Total Bulk count: 0 (optional bulk size: 1000)
2019-11-20 10:17:08,053 ERROR o.a.j.p.j.s.J.JSR223 Sampler: solr0.varonis
2019-11-20 10:17:08,053 ERROR o.a.j.p.j.s.J.JSR223 Sampler: File Name: prod_events_10_chunk26.csv.gz ; row number: 1000 : Total Bulk count: 0 (optional bulk size: 1000)
2019-11-20 10:17:08,157 ERROR o.a.j.p.j.s.J.JSR223 Sampler: solr0.varonis
2019-11-20 10:17:08,157 ERROR o.a.j.p.j.s.J.JSR223 Sampler: File Name: prod_events_10_chunk26.csv.gz ; row number: 1000 : Total Bulk count: 0 (optional bulk size: 1000)
2019-11-20 10:17:08,316 ERROR o.a.j.p.j.s.J.JSR223 Sampler: solr0.varonis: Name does not resolve
2019-11-20 10:17:08,316 ERROR o.a.j.p.j.s.J.JSR223 Sampler: File Name: prod_events_10_chunk26.csv.gz ; row number: 1000 : Total Bulk count: 0 (optional bulk size: 1000)
2019-11-20 10:17:08,423 ERROR o.a.j.p.j.s.J.JSR223 Sampler: solr0.varonis
2019-11-20 10:17:08,424 ERROR o.a.j.p.j.s.J.JSR223 Sampler: File Name: prod_events_10_chunk26.csv.gz ; row number: 1000 : Total Bulk count: 0 (optional bulk size: 1000)
2019-11-20 10:17:08,544 ERROR o.a.j.p.j.s.J.JSR223 Sampler: solr0.varonis
2019-11-20 10:17:08,544 ERROR o.a.j.p.j.s.J.JSR223 Sampler: File Name: prod_events_10_chunk26.csv.gz ; row number: 1000 : Total Bulk count: 0 (optional bulk size: 1000)
2019-11-20 10:17:08,646 ERROR o.a.j.p.j.s.J.JSR223 Sampler: solr0.varonis
2019-11-20 10:17:08,646 ERROR o.a.j.p.j.s.J.JSR223 Sampler: File Name: prod_events_10_chunk26.csv.gz ; row number: 1000 : Total Bulk count: 0 (optional bulk size: 1000)
