2019-11-24 09:02:23,967 INFO o.a.j.u.JMeterUtils: Setting Locale to en_EN
2019-11-24 09:02:24,001 INFO o.a.j.JMeter: Loading user properties from: /opt/apache-jmeter-5.2/bin/user.properties
2019-11-24 09:02:24,002 INFO o.a.j.JMeter: Loading system properties from: /opt/apache-jmeter-5.2/bin/system.properties
2019-11-24 09:02:24,003 INFO o.a.j.JMeter: Setting JMeter property: csv_staticParams=/mnt/jmeter/static_parameters.txt
2019-11-24 09:02:24,003 INFO o.a.j.JMeter: Setting JMeter property: my_csv=/mnt/jmeter/collectionsList.txt
2019-11-24 09:02:24,003 INFO o.a.j.JMeter: Setting JMeter property: Threads=1
2019-11-24 09:02:24,006 INFO o.a.j.JMeter: Copyright (c) 1998-2019 The Apache Software Foundation
2019-11-24 09:02:24,006 INFO o.a.j.JMeter: Version 5.2
2019-11-24 09:02:24,006 INFO o.a.j.JMeter: java.version=1.8.0_212
2019-11-24 09:02:24,006 INFO o.a.j.JMeter: java.vm.name=OpenJDK 64-Bit Server VM
2019-11-24 09:02:24,006 INFO o.a.j.JMeter: os.name=Linux
2019-11-24 09:02:24,006 INFO o.a.j.JMeter: os.arch=amd64
2019-11-24 09:02:24,006 INFO o.a.j.JMeter: os.version=5.0.0-36-generic
2019-11-24 09:02:24,006 INFO o.a.j.JMeter: file.encoding=UTF-8
2019-11-24 09:02:24,006 INFO o.a.j.JMeter: java.awt.headless=true
2019-11-24 09:02:24,006 INFO o.a.j.JMeter: Max memory     =37748736
2019-11-24 09:02:24,006 INFO o.a.j.JMeter: Available Processors =4
2019-11-24 09:02:24,013 INFO o.a.j.JMeter: Default Locale=English (EN)
2019-11-24 09:02:24,014 INFO o.a.j.JMeter: JMeter  Locale=English (EN)
2019-11-24 09:02:24,014 INFO o.a.j.JMeter: JMeterHome=/opt/apache-jmeter-5.2
2019-11-24 09:02:24,014 INFO o.a.j.JMeter: user.dir  =/opt/apache-jmeter-5.2
2019-11-24 09:02:24,014 INFO o.a.j.JMeter: PWD       =/opt/apache-jmeter-5.2
2019-11-24 09:02:24,014 INFO o.a.j.JMeter: IP: 172.17.0.2 Name: 28a9cd578592 FullName: 28a9cd578592
2019-11-24 09:02:24,022 INFO o.a.j.s.FileServer: Default base='/opt/apache-jmeter-5.2'
2019-11-24 09:02:24,035 INFO o.a.j.s.FileServer: Set new base='/mnt/jmeter'
2019-11-24 09:02:24,226 INFO o.a.j.s.SaveService: Testplan (JMX) version: 2.2. Testlog (JTL) version: 2.2
2019-11-24 09:02:24,268 INFO o.a.j.s.SaveService: Using SaveService properties file encoding UTF-8
2019-11-24 09:02:24,279 INFO o.a.j.s.SaveService: Using SaveService properties version 5.0
2019-11-24 09:02:24,291 INFO o.a.j.s.SaveService: Loading file: /mnt/jmeter/SolrJ.jmx
2019-11-24 09:02:24,368 INFO o.a.j.JMeter: Creating summariser <summary>
2019-11-24 09:02:24,389 INFO o.a.j.e.StandardJMeterEngine: Running the test!
2019-11-24 09:02:24,390 INFO o.a.j.s.SampleEvent: List of sample_variables: []
2019-11-24 09:02:24,391 INFO o.a.j.s.SampleEvent: List of sample_variables: []
2019-11-24 09:02:24,401 INFO o.a.j.e.u.CompoundVariable: Note: Function class names must contain the string: '.functions.'
2019-11-24 09:02:24,401 INFO o.a.j.e.u.CompoundVariable: Note: Function class names must not contain the string: '.gui.'
2019-11-24 09:02:25,020 INFO o.a.j.JMeter: Running test (1574582545020)
2019-11-24 09:02:25,054 INFO o.a.j.e.StandardJMeterEngine: Starting ThreadGroup: 1 : Thread Group
2019-11-24 09:02:25,055 INFO o.a.j.e.StandardJMeterEngine: Starting 1 threads for group Thread Group.
2019-11-24 09:02:25,055 INFO o.a.j.e.StandardJMeterEngine: Thread will continue on error
2019-11-24 09:02:25,055 INFO o.a.j.t.ThreadGroup: Starting thread group... number=1 threads=1 ramp-up=400 delayedStart=true
2019-11-24 09:02:25,056 INFO o.a.j.t.ThreadGroup: Started thread group number 1
2019-11-24 09:02:25,056 INFO o.a.j.e.StandardJMeterEngine: All thread groups have been started
2019-11-24 09:02:25,070 INFO o.a.j.t.JMeterThread: Thread started: Thread Group 1-1
2019-11-24 09:02:25,075 INFO o.a.j.s.FileServer: Stored: /mnt/jmeter/static_parameters.txt
2019-11-24 09:02:25,078 INFO o.a.j.s.FileServer: Stored: /mnt/jmeter/collectionsList.txt
2019-11-24 09:02:25,082 INFO o.a.j.s.SampleResult: Note: Sample TimeStamps are START times
2019-11-24 09:02:25,082 INFO o.a.j.s.SampleResult: sampleresult.default.encoding is set to ISO-8859-1
2019-11-24 09:02:25,082 INFO o.a.j.s.SampleResult: sampleresult.useNanoTime=true
2019-11-24 09:02:25,082 INFO o.a.j.s.SampleResult: sampleresult.nanoThreadSleep=5000
2019-11-24 09:02:27,605 ERROR o.a.j.p.j.s.J.JSR223 Sampler: Connect to 10.16.250.9:80 [/10.16.250.9] failed: Connection refused (Connection refused)
2019-11-24 09:02:27,606 ERROR o.a.j.p.j.s.J.JSR223 Sampler: File Name: prod_events_10_chunk26.csv.gz ; row number: 1000 : Total Bulk count: 0 (optional bulk size: 1000)
2019-11-24 09:02:29,201 INFO o.a.j.t.JMeterThread: Thread finished: Thread Group 1-1
2019-11-24 09:02:29,203 ERROR o.a.j.JMeter: Uncaught exception in thread Thread[Thread Group 1-1,5,main]
java.lang.OutOfMemoryError: Java heap space
	at org.noggit.CharArr.resize(CharArr.java:110) ~[noggit-0.8.jar:?]
	at org.noggit.CharArr.write(CharArr.java:121) ~[noggit-0.8.jar:?]
	at org.noggit.JSONUtil.writeString(JSONUtil.java:84) ~[noggit-0.8.jar:?]
	at org.noggit.JSONWriter.writeString(JSONWriter.java:265) ~[noggit-0.8.jar:?]
	at org.noggit.JSONWriter.write(JSONWriter.java:131) ~[noggit-0.8.jar:?]
	at org.noggit.JSONWriter.write(JSONWriter.java:83) ~[noggit-0.8.jar:?]
	at org.noggit.JSONWriter.write(JSONWriter.java:149) ~[noggit-0.8.jar:?]
	at org.noggit.JSONWriter.write(JSONWriter.java:85) ~[noggit-0.8.jar:?]
	at org.noggit.JSONUtil.toJSON(JSONUtil.java:40) ~[noggit-0.8.jar:?]
	at org.noggit.JSONUtil$toJSON.call(Unknown Source) ~[?:?]
	at Script1.SolrHTTP(Script1.groovy:426) ~[?:?]
	at Script1.run(Script1.groovy:556) ~[?:?]
	at org.codehaus.groovy.jsr223.GroovyScriptEngineImpl.eval(GroovyScriptEngineImpl.java:321) ~[groovy-all-2.4.16.jar:2.4.16]
	at org.codehaus.groovy.jsr223.GroovyCompiledScript.eval(GroovyCompiledScript.java:72) ~[groovy-all-2.4.16.jar:2.4.16]
	at javax.script.CompiledScript.eval(CompiledScript.java:92) ~[?:1.8.0_212]
	at org.apache.jmeter.util.JSR223TestElement.processFileOrScript(JSR223TestElement.java:223) ~[ApacheJMeter_core.jar:5.2]
	at org.apache.jmeter.protocol.java.sampler.JSR223Sampler.sample(JSR223Sampler.java:71) ~[ApacheJMeter_java.jar:5.2]
	at org.apache.jmeter.threads.JMeterThread.doSampling(JMeterThread.java:627) ~[ApacheJMeter_core.jar:5.2]
	at org.apache.jmeter.threads.JMeterThread.executeSamplePackage(JMeterThread.java:551) ~[ApacheJMeter_core.jar:5.2]
	at org.apache.jmeter.threads.JMeterThread.processSampler(JMeterThread.java:490) ~[ApacheJMeter_core.jar:5.2]
	at org.apache.jmeter.threads.JMeterThread.run(JMeterThread.java:257) ~[ApacheJMeter_core.jar:5.2]
	at java.lang.Thread.run(Thread.java:748) [?:1.8.0_212]
2019-11-24 09:02:29,240 INFO o.a.j.e.StandardJMeterEngine: Notifying test listeners of end of test
2019-11-24 09:02:29,240 INFO o.a.j.s.FileServer: Close: /mnt/jmeter/collectionsList.txt
2019-11-24 09:02:29,240 INFO o.a.j.s.FileServer: Close: /mnt/jmeter/static_parameters.txt
2019-11-24 09:02:29,244 INFO o.a.j.r.Summariser: summary =      0 in 00:00:00 = ******/s Avg:     0 Min: 9223372036854775807 Max: -9223372036854775808 Err:     0 (0.00%)
