2019-11-20 09:09:52,877 INFO o.a.j.u.JMeterUtils: Setting Locale to en_EN
2019-11-20 09:09:52,908 INFO o.a.j.JMeter: Loading user properties from: /opt/apache-jmeter-5.2/bin/user.properties
2019-11-20 09:09:52,908 INFO o.a.j.JMeter: Loading system properties from: /opt/apache-jmeter-5.2/bin/system.properties
2019-11-20 09:09:52,908 INFO o.a.j.JMeter: Setting JMeter property: csv_staticParams=/mnt/jmeter/static_parameters.txt
2019-11-20 09:09:52,909 INFO o.a.j.JMeter: Setting JMeter property: my_csv=/mnt/jmeter/collectionsList.txt
2019-11-20 09:09:52,909 INFO o.a.j.JMeter: Setting JMeter property: Threads=1
2019-11-20 09:09:52,915 INFO o.a.j.JMeter: Copyright (c) 1998-2019 The Apache Software Foundation
2019-11-20 09:09:52,916 INFO o.a.j.JMeter: Version 5.2
2019-11-20 09:09:52,916 INFO o.a.j.JMeter: java.version=1.8.0_212
2019-11-20 09:09:52,916 INFO o.a.j.JMeter: java.vm.name=OpenJDK 64-Bit Server VM
2019-11-20 09:09:52,916 INFO o.a.j.JMeter: os.name=Linux
2019-11-20 09:09:52,917 INFO o.a.j.JMeter: os.arch=amd64
2019-11-20 09:09:52,917 INFO o.a.j.JMeter: os.version=5.0.0-36-generic
2019-11-20 09:09:52,917 INFO o.a.j.JMeter: file.encoding=UTF-8
2019-11-20 09:09:52,917 INFO o.a.j.JMeter: java.awt.headless=true
2019-11-20 09:09:52,917 INFO o.a.j.JMeter: Max memory     =1658847232
2019-11-20 09:09:52,917 INFO o.a.j.JMeter: Available Processors =4
2019-11-20 09:09:52,922 INFO o.a.j.JMeter: Default Locale=English (EN)
2019-11-20 09:09:52,922 INFO o.a.j.JMeter: JMeter  Locale=English (EN)
2019-11-20 09:09:52,922 INFO o.a.j.JMeter: JMeterHome=/opt/apache-jmeter-5.2
2019-11-20 09:09:52,922 INFO o.a.j.JMeter: user.dir  =/opt/apache-jmeter-5.2
2019-11-20 09:09:52,922 INFO o.a.j.JMeter: PWD       =/opt/apache-jmeter-5.2
2019-11-20 09:09:52,922 INFO o.a.j.JMeter: IP: 172.17.0.2 Name: 5b9ad3ca6e4a FullName: 5b9ad3ca6e4a
2019-11-20 09:09:52,933 INFO o.a.j.s.FileServer: Default base='/opt/apache-jmeter-5.2'
2019-11-20 09:09:52,951 INFO o.a.j.s.FileServer: Set new base='/mnt/jmeter'
2019-11-20 09:09:53,211 INFO o.a.j.s.SaveService: Testplan (JMX) version: 2.2. Testlog (JTL) version: 2.2
2019-11-20 09:09:53,236 INFO o.a.j.s.SaveService: Using SaveService properties file encoding UTF-8
2019-11-20 09:09:53,249 INFO o.a.j.s.SaveService: Using SaveService properties version 5.0
2019-11-20 09:09:53,262 INFO o.a.j.s.SaveService: Loading file: /mnt/jmeter/SolrJ.jmx
2019-11-20 09:09:53,359 INFO o.a.j.JMeter: Creating summariser <summary>
2019-11-20 09:09:53,386 INFO o.a.j.e.StandardJMeterEngine: Running the test!
2019-11-20 09:09:53,387 INFO o.a.j.s.SampleEvent: List of sample_variables: []
2019-11-20 09:09:53,388 INFO o.a.j.s.SampleEvent: List of sample_variables: []
2019-11-20 09:09:53,399 INFO o.a.j.e.u.CompoundVariable: Note: Function class names must contain the string: '.functions.'
2019-11-20 09:09:53,399 INFO o.a.j.e.u.CompoundVariable: Note: Function class names must not contain the string: '.gui.'
2019-11-20 09:09:54,227 INFO o.a.j.JMeter: Running test (1574237394227)
2019-11-20 09:09:54,285 INFO o.a.j.e.StandardJMeterEngine: Starting ThreadGroup: 1 : Thread Group
2019-11-20 09:09:54,286 INFO o.a.j.e.StandardJMeterEngine: Starting 1 threads for group Thread Group.
2019-11-20 09:09:54,286 INFO o.a.j.e.StandardJMeterEngine: Thread will continue on error
2019-11-20 09:09:54,286 INFO o.a.j.t.ThreadGroup: Starting thread group... number=1 threads=1 ramp-up=400 delayedStart=true
2019-11-20 09:09:54,286 INFO o.a.j.t.ThreadGroup: Started thread group number 1
2019-11-20 09:09:54,286 INFO o.a.j.e.StandardJMeterEngine: All thread groups have been started
2019-11-20 09:09:54,314 INFO o.a.j.t.JMeterThread: Thread started: Thread Group 1-1
2019-11-20 09:09:54,322 INFO o.a.j.s.FileServer: Stored: /mnt/jmeter/static_parameters.txt
2019-11-20 09:09:54,328 INFO o.a.j.s.FileServer: Stored: /mnt/jmeter/collectionsList.txt
2019-11-20 09:09:54,332 INFO o.a.j.s.SampleResult: Note: Sample TimeStamps are START times
2019-11-20 09:09:54,332 INFO o.a.j.s.SampleResult: sampleresult.default.encoding is set to ISO-8859-1
2019-11-20 09:09:54,332 INFO o.a.j.s.SampleResult: sampleresult.useNanoTime=true
2019-11-20 09:09:54,332 INFO o.a.j.s.SampleResult: sampleresult.nanoThreadSleep=5000
2019-11-20 09:10:00,001 INFO o.a.j.r.Summariser: summary +   1877 in 00:00:06 =  325.1/s Avg:     2 Min:     0 Max:  1408 Err:     0 (0.00%) Active: 1 Started: 1 Finished: 0
2019-11-20 09:10:30,000 INFO o.a.j.r.Summariser: summary +  19961 in 00:00:30 =  665.4/s Avg:     1 Min:     0 Max:    44 Err:     0 (0.00%) Active: 1 Started: 1 Finished: 0
2019-11-20 09:10:30,001 INFO o.a.j.r.Summariser: summary =  21838 in 00:00:36 =  610.4/s Avg:     1 Min:     0 Max:  1408 Err:     0 (0.00%)
